TN:
SF:analyze-payment-authorization-risk.js
FN:49,(anonymous_0)
FN:90,(anonymous_1)
FN:128,(anonymous_2)
FNF:3
FNH:0
FNDA:0,(anonymous_0)
FNDA:0,(anonymous_1)
FNDA:0,(anonymous_2)
DA:6,0
DA:7,0
DA:9,0
DA:10,0
DA:11,0
DA:13,0
DA:14,0
DA:16,0
DA:49,0
DA:50,0
DA:51,0
DA:52,0
DA:53,0
DA:56,0
DA:57,0
DA:58,0
DA:59,0
DA:60,0
DA:61,0
DA:63,0
DA:64,0
DA:65,0
DA:66,0
DA:67,0
DA:68,0
DA:70,0
DA:71,0
DA:72,0
DA:73,0
DA:74,0
DA:75,0
DA:76,0
DA:77,0
DA:79,0
DA:80,0
DA:81,0
DA:90,0
DA:91,0
DA:94,0
DA:95,0
DA:97,0
DA:128,0
DA:129,0
DA:130,0
DA:131,0
DA:132,0
DA:133,0
DA:136,0
DA:137,0
DA:138,0
DA:139,0
DA:140,0
DA:141,0
DA:142,0
DA:144,0
DA:145,0
DA:146,0
DA:147,0
DA:148,0
DA:149,0
DA:150,0
DA:151,0
DA:153,0
DA:154,0
DA:155,0
DA:156,0
DA:157,0
DA:158,0
DA:160,0
LF:69
LH:0
BRF:0
BRH:0
end_of_record
TN:
SF:app.js
FN:50,(anonymous_0)
FN:54,(anonymous_1)
FNF:2
FNH:0
FNDA:0,(anonymous_0)
FNDA:0,(anonymous_1)
DA:16,0
DA:17,0
DA:18,0
DA:19,0
DA:20,0
DA:21,0
DA:22,0
DA:25,0
DA:26,0
DA:29,0
DA:30,0
DA:32,0
DA:33,0
DA:36,0
DA:38,0
DA:39,0
DA:44,0
DA:45,0
DA:46,0
DA:49,0
DA:51,0
DA:52,0
DA:55,0
DA:56,0
DA:58,0
DA:60,0
DA:64,0
DA:67,0
DA:70,0
DA:71,0
DA:74,0
DA:82,0
DA:90,0
DA:96,0
DA:97,0
DA:98,0
DA:99,0
DA:102,0
DA:103,0
DA:106,0
DA:107,0
DA:111,0
DA:113,0
DA:116,0
DA:131,0
DA:134,0
DA:137,0
DA:140,0
DA:142,0
LF:49
LH:0
BRDA:55,0,0,0
BRDA:55,0,1,0
BRDA:70,1,0,0
BRDA:70,1,1,0
BRDA:75,2,0,0
BRDA:75,2,1,0
BRDA:125,3,0,0
BRDA:125,3,1,0
BRF:8
BRH:0
end_of_record
TN:
SF:middleware/authMiddleware.js
FN:10,requireAuth
FN:31,requireOwnership
FN:32,(anonymous_2)
FN:33,(anonymous_3)
FN:49,requireBookingAccess
FN:50,(anonymous_5)
FN:61,csrfProtection
FN:77,generateCsrfToken
FNF:8
FNH:0
FNDA:0,requireAuth
FNDA:0,requireOwnership
FNDA:0,(anonymous_2)
FNDA:0,(anonymous_3)
FNDA:0,requireBookingAccess
FNDA:0,(anonymous_5)
FNDA:0,csrfProtection
FNDA:0,generateCsrfToken
DA:5,0
DA:11,0
DA:12,0
DA:16,0
DA:18,0
DA:19,0
DA:23,0
DA:24,0
DA:32,0
DA:33,0
DA:34,0
DA:35,0
DA:37,0
DA:38,0
DA:41,0
DA:50,0
DA:54,0
DA:62,0
DA:63,0
DA:64,0
DA:66,0
DA:67,0
DA:71,0
DA:78,0
DA:79,0
DA:80,0
DA:82,0
DA:83,0
DA:86,0
LF:29
LH:0
BRDA:11,0,0,0
BRDA:11,0,1,0
BRDA:16,1,0,0
BRDA:16,1,1,0
BRDA:16,2,0,0
BRDA:16,2,1,0
BRDA:31,3,0,0
BRDA:37,4,0,0
BRDA:37,4,1,0
BRDA:62,5,0,0
BRDA:62,5,1,0
BRDA:63,6,0,0
BRDA:63,6,1,0
BRDA:66,7,0,0
BRDA:66,7,1,0
BRDA:66,8,0,0
BRDA:66,8,1,0
BRDA:78,9,0,0
BRDA:78,9,1,0
BRF:19
BRH:0
end_of_record
TN:
SF:middleware/errorHandler.js
FN:11,(anonymous_0)
FN:24,(anonymous_1)
FN:34,(anonymous_2)
FN:43,(anonymous_3)
FN:52,(anonymous_4)
FN:61,(anonymous_5)
FN:70,errorHandler
FN:110,handleSquareError
FN:112,(anonymous_8)
FN:120,(anonymous_9)
FN:128,(anonymous_10)
FN:139,(anonymous_11)
FN:158,getErrorTitle
FN:175,notFoundHandler
FN:185,asyncHandler
FN:186,(anonymous_15)
FNF:16
FNH:10
FNDA:8,(anonymous_0)
FNDA:1,(anonymous_1)
FNDA:2,(anonymous_2)
FNDA:1,(anonymous_3)
FNDA:1,(anonymous_4)
FNDA:0,(anonymous_5)
FNDA:0,errorHandler
FNDA:5,handleSquareError
FNDA:5,(anonymous_8)
FNDA:4,(anonymous_9)
FNDA:3,(anonymous_10)
FNDA:2,(anonymous_11)
FNDA:0,getErrorTitle
FNDA:0,notFoundHandler
FNDA:0,asyncHandler
FNDA:0,(anonymous_15)
DA:5,1
DA:12,8
DA:13,8
DA:14,8
DA:15,8
DA:16,8
DA:25,1
DA:26,1
DA:35,2
DA:44,1
DA:53,1
DA:62,0
DA:63,0
DA:71,0
DA:79,0
DA:80,0
DA:88,0
DA:89,0
DA:90,0
DA:98,0
DA:112,5
DA:113,1
DA:120,4
DA:121,1
DA:128,3
DA:129,3
DA:132,1
DA:139,2
DA:140,1
DA:147,1
DA:159,0
DA:169,0
DA:176,0
DA:177,0
DA:186,0
DA:187,0
DA:191,1
LF:37
LH:22
BRDA:11,0,0,1
BRDA:11,1,0,6
BRDA:24,2,0,0
BRDA:34,3,0,1
BRDA:43,4,0,0
BRDA:52,5,0,0
BRDA:61,6,0,0
BRDA:61,7,0,0
BRDA:79,8,0,0
BRDA:79,8,1,0
BRDA:88,9,0,0
BRDA:88,9,1,0
BRDA:88,10,0,0
BRDA:88,10,1,0
BRDA:112,11,0,1
BRDA:112,11,1,4
BRDA:120,12,0,1
BRDA:120,12,1,3
BRDA:128,13,0,1
BRDA:128,13,1,2
BRDA:129,14,0,3
BRDA:129,14,1,2
BRDA:139,15,0,1
BRDA:139,15,1,1
BRDA:139,16,0,2
BRDA:139,16,1,1
BRDA:148,17,0,1
BRDA:148,17,1,0
BRDA:149,18,0,1
BRDA:149,18,1,1
BRDA:169,19,0,0
BRDA:169,19,1,0
BRF:32
BRH:18
end_of_record
TN:
SF:middleware/validation.js
FN:13,validate
FN:14,(anonymous_1)
FN:24,(anonymous_2)
FN:43,validateBody
FN:52,validateQuery
FN:61,validateParams
FN:68,validateContentType
FN:82,limitBodySize
FN:83,(anonymous_8)
FN:100,parseSize
FNF:10
FNH:0
FNDA:0,validate
FNDA:0,(anonymous_1)
FNDA:0,(anonymous_2)
FNDA:0,validateBody
FNDA:0,validateQuery
FNDA:0,validateParams
FNDA:0,validateContentType
FNDA:0,limitBodySize
FNDA:0,(anonymous_8)
FNDA:0,parseSize
DA:5,0
DA:14,0
DA:15,0
DA:17,0
DA:23,0
DA:24,0
DA:29,0
DA:33,0
DA:34,0
DA:44,0
DA:53,0
DA:62,0
DA:69,0
DA:70,0
DA:71,0
DA:72,0
DA:75,0
DA:83,0
DA:84,0
DA:85,0
DA:87,0
DA:88,0
DA:91,0
DA:101,0
DA:108,0
DA:109,0
DA:111,0
DA:114,0
LF:28
LH:0
BRDA:13,0,0,0
BRDA:23,1,0,0
BRDA:23,1,1,0
BRDA:69,2,0,0
BRDA:69,2,1,0
BRDA:71,3,0,0
BRDA:71,3,1,0
BRDA:71,4,0,0
BRDA:71,4,1,0
BRDA:71,4,2,0
BRDA:82,5,0,0
BRDA:84,6,0,0
BRDA:84,6,1,0
BRDA:87,7,0,0
BRDA:87,7,1,0
BRDA:109,8,0,0
BRDA:109,8,1,0
BRF:17
BRH:0
end_of_record
TN:
SF:public/javascripts/appointment-summary.js
FN:8,safeBigIntToNumber
FN:25,(anonymous_1)
FN:32,(anonymous_2)
FN:38,(anonymous_3)
FN:95,(anonymous_4)
FN:102,(anonymous_5)
FN:107,(anonymous_6)
FN:113,(anonymous_7)
FN:136,(anonymous_8)
FN:141,setupFormHandlers
FN:153,(anonymous_10)
FN:155,(anonymous_11)
FN:164,updateButtonText
FN:191,(anonymous_13)
FN:203,updateAppointmentSummary
FN:225,(anonymous_15)
FN:237,(anonymous_16)
FN:270,(anonymous_17)
FN:380,(anonymous_18)
FN:414,initAppointmentSummary
FN:421,(anonymous_20)
FN:434,(anonymous_21)
FN:442,initMobileBottomBar
FN:450,openSummary
FN:457,closeSummary
FN:471,handleResize
FN:491,initBottomSheet
FN:503,openBottomSheet
FN:508,(anonymous_28)
FN:516,closeBottomSheet
FN:523,(anonymous_30)
FN:536,(anonymous_31)
FN:551,updateBarAndSheet
FN:572,(anonymous_33)
FN:730,(anonymous_34)
FN:748,initFloatingButton
FN:755,(anonymous_36)
FN:770,initStaffPageSummary
FN:782,(anonymous_38)
FN:784,(anonymous_39)
FN:790,(anonymous_40)
FN:802,(anonymous_41)
FN:808,updateStaffPageSummary
FN:866,(anonymous_43)
FN:935,(anonymous_44)
FN:1058,updateStaffBarAndSheet
FN:1074,(anonymous_46)
FN:1134,initStaffBottomSheet
FN:1147,openBottomSheet
FN:1155,(anonymous_49)
FN:1163,closeBottomSheet
FN:1170,(anonymous_51)
FN:1183,updateStaffBottomSheetContent
FN:1198,(anonymous_53)
FN:1357,initContactPageSummary
FN:1365,(anonymous_55)
FN:1376,(anonymous_56)
FN:1398,(anonymous_57)
FN:1404,updateContactPageSummary
FN:1483,(anonymous_59)
FN:1611,(anonymous_60)
FN:1626,(anonymous_61)
FN:1682,(anonymous_62)
FN:1790,updateContactBarAndSheet
FN:1806,(anonymous_64)
FN:1855,initContactBottomSheet
FN:1866,openBottomSheet
FN:1871,(anonymous_67)
FN:1879,closeBottomSheet
FN:1885,(anonymous_69)
FN:1898,updateContactBottomSheetContent
FN:1913,(anonymous_71)
FNF:72
FNH:0
FNDA:0,safeBigIntToNumber
FNDA:0,(anonymous_1)
FNDA:0,(anonymous_2)
FNDA:0,(anonymous_3)
FNDA:0,(anonymous_4)
FNDA:0,(anonymous_5)
FNDA:0,(anonymous_6)
FNDA:0,(anonymous_7)
FNDA:0,(anonymous_8)
FNDA:0,setupFormHandlers
FNDA:0,(anonymous_10)
FNDA:0,(anonymous_11)
FNDA:0,updateButtonText
FNDA:0,(anonymous_13)
FNDA:0,updateAppointmentSummary
FNDA:0,(anonymous_15)
FNDA:0,(anonymous_16)
FNDA:0,(anonymous_17)
FNDA:0,(anonymous_18)
FNDA:0,initAppointmentSummary
FNDA:0,(anonymous_20)
FNDA:0,(anonymous_21)
FNDA:0,initMobileBottomBar
FNDA:0,openSummary
FNDA:0,closeSummary
FNDA:0,handleResize
FNDA:0,initBottomSheet
FNDA:0,openBottomSheet
FNDA:0,(anonymous_28)
FNDA:0,closeBottomSheet
FNDA:0,(anonymous_30)
FNDA:0,(anonymous_31)
FNDA:0,updateBarAndSheet
FNDA:0,(anonymous_33)
FNDA:0,(anonymous_34)
FNDA:0,initFloatingButton
FNDA:0,(anonymous_36)
FNDA:0,initStaffPageSummary
FNDA:0,(anonymous_38)
FNDA:0,(anonymous_39)
FNDA:0,(anonymous_40)
FNDA:0,(anonymous_41)
FNDA:0,updateStaffPageSummary
FNDA:0,(anonymous_43)
FNDA:0,(anonymous_44)
FNDA:0,updateStaffBarAndSheet
FNDA:0,(anonymous_46)
FNDA:0,initStaffBottomSheet
FNDA:0,openBottomSheet
FNDA:0,(anonymous_49)
FNDA:0,closeBottomSheet
FNDA:0,(anonymous_51)
FNDA:0,updateStaffBottomSheetContent
FNDA:0,(anonymous_53)
FNDA:0,initContactPageSummary
FNDA:0,(anonymous_55)
FNDA:0,(anonymous_56)
FNDA:0,(anonymous_57)
FNDA:0,updateContactPageSummary
FNDA:0,(anonymous_59)
FNDA:0,(anonymous_60)
FNDA:0,(anonymous_61)
FNDA:0,(anonymous_62)
FNDA:0,updateContactBarAndSheet
FNDA:0,(anonymous_64)
FNDA:0,initContactBottomSheet
FNDA:0,openBottomSheet
FNDA:0,(anonymous_67)
FNDA:0,closeBottomSheet
FNDA:0,(anonymous_69)
FNDA:0,updateContactBottomSheetContent
FNDA:0,(anonymous_71)
DA:9,0
DA:10,0
DA:12,0
DA:14,0
DA:15,0
DA:18,0
DA:21,0
DA:25,0
DA:26,0
DA:29,0
DA:30,0
DA:32,0
DA:33,0
DA:36,0
DA:38,0
DA:39,0
DA:40,0
DA:46,0
DA:47,0
DA:48,0
DA:49,0
DA:51,0
DA:59,0
DA:61,0
DA:62,0
DA:63,0
DA:64,0
DA:65,0
DA:67,0
DA:68,0
DA:69,0
DA:70,0
DA:73,0
DA:74,0
DA:76,0
DA:77,0
DA:78,0
DA:79,0
DA:80,0
DA:82,0
DA:83,0
DA:84,0
DA:85,0
DA:87,0
DA:91,0
DA:95,0
DA:96,0
DA:97,0
DA:98,0
DA:101,0
DA:102,0
DA:107,0
DA:108,0
DA:109,0
DA:112,0
DA:113,0
DA:114,0
DA:115,0
DA:116,0
DA:117,0
DA:118,0
DA:119,0
DA:120,0
DA:121,0
DA:122,0
DA:124,0
DA:125,0
DA:126,0
DA:129,0
DA:135,0
DA:136,0
DA:142,0
DA:143,0
DA:144,0
DA:146,0
DA:148,0
DA:149,0
DA:150,0
DA:153,0
DA:154,0
DA:155,0
DA:156,0
DA:157,0
DA:165,0
DA:166,0
DA:167,0
DA:168,0
DA:171,0
DA:172,0
DA:175,0
DA:176,0
DA:177,0
DA:178,0
DA:179,0
DA:180,0
DA:181,0
DA:185,0
DA:191,0
DA:192,0
DA:193,0
DA:194,0
DA:195,0
DA:196,0
DA:204,0
DA:205,0
DA:206,0
DA:207,0
DA:209,0
DA:211,0
DA:212,0
DA:213,0
DA:214,0
DA:216,0
DA:217,0
DA:220,0
DA:221,0
DA:222,0
DA:223,0
DA:225,0
DA:226,0
DA:227,0
DA:228,0
DA:229,0
DA:232,0
DA:233,0
DA:237,0
DA:238,0
DA:239,0
DA:240,0
DA:241,0
DA:242,0
DA:243,0
DA:244,0
DA:245,0
DA:246,0
DA:247,0
DA:248,0
DA:249,0
DA:250,0
DA:251,0
DA:260,0
DA:261,0
DA:265,0
DA:266,0
DA:267,0
DA:270,0
DA:271,0
DA:272,0
DA:274,0
DA:275,0
DA:278,0
DA:279,0
DA:282,0
DA:283,0
DA:284,0
DA:285,0
DA:286,0
DA:287,0
DA:288,0
DA:289,0
DA:291,0
DA:292,0
DA:294,0
DA:298,0
DA:299,0
DA:300,0
DA:301,0
DA:307,0
DA:308,0
DA:310,0
DA:311,0
DA:312,0
DA:313,0
DA:316,0
DA:317,0
DA:318,0
DA:319,0
DA:320,0
DA:321,0
DA:322,0
DA:323,0
DA:324,0
DA:325,0
DA:327,0
DA:329,0
DA:330,0
DA:331,0
DA:332,0
DA:334,0
DA:335,0
DA:336,0
DA:337,0
DA:340,0
DA:341,0
DA:342,0
DA:343,0
DA:344,0
DA:345,0
DA:346,0
DA:348,0
DA:353,0
DA:354,0
DA:355,0
DA:358,0
DA:359,0
DA:360,0
DA:362,0
DA:363,0
DA:366,0
DA:368,0
DA:369,0
DA:371,0
DA:372,0
DA:377,0
DA:378,0
DA:379,0
DA:380,0
DA:381,0
DA:382,0
DA:383,0
DA:385,0
DA:386,0
DA:387,0
DA:388,0
DA:389,0
DA:390,0
DA:392,0
DA:393,0
DA:394,0
DA:395,0
DA:398,0
DA:399,0
DA:400,0
DA:403,0
DA:404,0
DA:405,0
DA:406,0
DA:415,0
DA:416,0
DA:418,0
DA:421,0
DA:422,0
DA:423,0
DA:424,0
DA:425,0
DA:426,0
DA:427,0
DA:433,0
DA:434,0
DA:435,0
DA:436,0
DA:443,0
DA:444,0
DA:445,0
DA:446,0
DA:448,0
DA:451,0
DA:452,0
DA:453,0
DA:454,0
DA:458,0
DA:459,0
DA:460,0
DA:461,0
DA:464,0
DA:465,0
DA:466,0
DA:467,0
DA:472,0
DA:473,0
DA:474,0
DA:475,0
DA:476,0
DA:478,0
DA:479,0
DA:480,0
DA:481,0
DA:482,0
DA:486,0
DA:487,0
DA:492,0
DA:493,0
DA:494,0
DA:495,0
DA:496,0
DA:497,0
DA:498,0
DA:500,0
DA:504,0
DA:505,0
DA:506,0
DA:507,0
DA:508,0
DA:509,0
DA:512,0
DA:513,0
DA:517,0
DA:518,0
DA:519,0
DA:520,0
DA:523,0
DA:524,0
DA:525,0
DA:530,0
DA:531,0
DA:532,0
DA:535,0
DA:536,0
DA:537,0
DA:538,0
DA:539,0
DA:540,0
DA:541,0
DA:542,0
DA:543,0
DA:552,0
DA:553,0
DA:554,0
DA:555,0
DA:556,0
DA:557,0
DA:558,0
DA:559,0
DA:561,0
DA:563,0
DA:564,0
DA:565,0
DA:566,0
DA:567,0
DA:570,0
DA:572,0
DA:573,0
DA:574,0
DA:576,0
DA:577,0
DA:578,0
DA:579,0
DA:582,0
DA:583,0
DA:584,0
DA:587,0
DA:588,0
DA:589,0
DA:590,0
DA:591,0
DA:592,0
DA:593,0
DA:594,0
DA:596,0
DA:597,0
DA:599,0
DA:603,0
DA:604,0
DA:605,0
DA:606,0
DA:611,0
DA:612,0
DA:613,0
DA:614,0
DA:625,0
DA:630,0
DA:631,0
DA:633,0
DA:634,0
DA:635,0
DA:636,0
DA:639,0
DA:640,0
DA:641,0
DA:643,0
DA:645,0
DA:646,0
DA:647,0
DA:648,0
DA:650,0
DA:651,0
DA:652,0
DA:653,0
DA:656,0
DA:657,0
DA:658,0
DA:659,0
DA:660,0
DA:661,0
DA:662,0
DA:664,0
DA:669,0
DA:670,0
DA:671,0
DA:674,0
DA:675,0
DA:676,0
DA:678,0
DA:679,0
DA:682,0
DA:684,0
DA:685,0
DA:687,0
DA:688,0
DA:692,0
DA:693,0
DA:694,0
DA:698,0
DA:699,0
DA:700,0
DA:701,0
DA:704,0
DA:705,0
DA:706,0
DA:707,0
DA:708,0
DA:710,0
DA:711,0
DA:713,0
DA:716,0
DA:717,0
DA:719,0
DA:722,0
DA:724,0
DA:725,0
DA:730,0
DA:732,0
DA:733,0
DA:735,0
DA:736,0
DA:738,0
DA:739,0
DA:740,0
DA:742,0
DA:749,0
DA:750,0
DA:752,0
DA:755,0
DA:756,0
DA:757,0
DA:758,0
DA:759,0
DA:763,0
DA:764,0
DA:765,0
DA:771,0
DA:772,0
DA:773,0
DA:774,0
DA:777,0
DA:780,0
DA:781,0
DA:782,0
DA:783,0
DA:784,0
DA:785,0
DA:786,0
DA:789,0
DA:790,0
DA:796,0
DA:799,0
DA:802,0
DA:803,0
DA:809,0
DA:810,0
DA:812,0
DA:813,0
DA:814,0
DA:815,0
DA:816,0
DA:817,0
DA:819,0
DA:828,0
DA:829,0
DA:830,0
DA:834,0
DA:835,0
DA:836,0
DA:838,0
DA:839,0
DA:840,0
DA:841,0
DA:843,0
DA:844,0
DA:845,0
DA:846,0
DA:851,0
DA:854,0
DA:855,0
DA:856,0
DA:857,0
DA:859,0
DA:860,0
DA:861,0
DA:862,0
DA:864,0
DA:866,0
DA:867,0
DA:868,0
DA:869,0
DA:870,0
DA:871,0
DA:872,0
DA:873,0
DA:874,0
DA:876,0
DA:877,0
DA:879,0
DA:880,0
DA:881,0
DA:882,0
DA:883,0
DA:884,0
DA:887,0
DA:888,0
DA:893,0
DA:894,0
DA:895,0
DA:896,0
DA:898,0
DA:899,0
DA:901,0
DA:902,0
DA:903,0
DA:904,0
DA:905,0
DA:906,0
DA:907,0
DA:909,0
DA:913,0
DA:914,0
DA:915,0
DA:916,0
DA:919,0
DA:920,0
DA:921,0
DA:924,0
DA:925,0
DA:927,0
DA:928,0
DA:932,0
DA:933,0
DA:935,0
DA:937,0
DA:938,0
DA:939,0
DA:940,0
DA:944,0
DA:945,0
DA:946,0
DA:951,0
DA:952,0
DA:954,0
DA:957,0
DA:958,0
DA:959,0
DA:960,0
DA:961,0
DA:962,0
DA:963,0
DA:964,0
DA:965,0
DA:966,0
DA:968,0
DA:970,0
DA:971,0
DA:972,0
DA:973,0
DA:975,0
DA:976,0
DA:977,0
DA:978,0
DA:981,0
DA:982,0
DA:983,0
DA:984,0
DA:985,0
DA:986,0
DA:987,0
DA:989,0
DA:994,0
DA:995,0
DA:996,0
DA:999,0
DA:1001,0
DA:1002,0
DA:1004,0
DA:1005,0
DA:1011,0
DA:1012,0
DA:1013,0
DA:1017,0
DA:1018,0
DA:1020,0
DA:1021,0
DA:1022,0
DA:1023,0
DA:1024,0
DA:1025,0
DA:1027,0
DA:1028,0
DA:1029,0
DA:1031,0
DA:1033,0
DA:1034,0
DA:1035,0
DA:1036,0
DA:1037,0
DA:1039,0
DA:1040,0
DA:1042,0
DA:1044,0
DA:1045,0
DA:1046,0
DA:1047,0
DA:1048,0
DA:1050,0
DA:1051,0
DA:1053,0
DA:1059,0
DA:1060,0
DA:1061,0
DA:1062,0
DA:1064,0
DA:1066,0
DA:1067,0
DA:1069,0
DA:1070,0
DA:1071,0
DA:1072,0
DA:1074,0
DA:1075,0
DA:1076,0
DA:1077,0
DA:1078,0
DA:1080,0
DA:1082,0
DA:1083,0
DA:1084,0
DA:1088,0
DA:1089,0
DA:1090,0
DA:1091,0
DA:1092,0
DA:1093,0
DA:1095,0
DA:1096,0
DA:1097,0
DA:1098,0
DA:1100,0
DA:1103,0
DA:1107,0
DA:1108,0
DA:1111,0
DA:1112,0
DA:1113,0
DA:1114,0
DA:1115,0
DA:1116,0
DA:1117,0
DA:1119,0
DA:1121,0
DA:1126,0
DA:1127,0
DA:1129,0
DA:1135,0
DA:1136,0
DA:1137,0
DA:1138,0
DA:1139,0
DA:1140,0
DA:1141,0
DA:1142,0
DA:1144,0
DA:1149,0
DA:1151,0
DA:1152,0
DA:1153,0
DA:1154,0
DA:1155,0
DA:1156,0
DA:1159,0
DA:1160,0
DA:1164,0
DA:1165,0
DA:1166,0
DA:1167,0
DA:1170,0
DA:1171,0
DA:1172,0
DA:1177,0
DA:1178,0
DA:1179,0
DA:1184,0
DA:1185,0
DA:1187,0
DA:1189,0
DA:1191,0
DA:1193,0
DA:1194,0
DA:1195,0
DA:1198,0
DA:1199,0
DA:1200,0
DA:1201,0
DA:1203,0
DA:1204,0
DA:1205,0
DA:1206,0
DA:1208,0
DA:1209,0
DA:1211,0
DA:1212,0
DA:1213,0
DA:1214,0
DA:1215,0
DA:1216,0
DA:1219,0
DA:1220,0
DA:1221,0
DA:1222,0
DA:1223,0
DA:1225,0
DA:1226,0
DA:1227,0
DA:1228,0
DA:1233,0
DA:1234,0
DA:1238,0
DA:1239,0
DA:1242,0
DA:1243,0
DA:1244,0
DA:1247,0
DA:1248,0
DA:1249,0
DA:1250,0
DA:1251,0
DA:1252,0
DA:1255,0
DA:1256,0
DA:1258,0
DA:1259,0
DA:1260,0
DA:1263,0
DA:1264,0
DA:1265,0
DA:1266,0
DA:1267,0
DA:1268,0
DA:1269,0
DA:1270,0
DA:1271,0
DA:1272,0
DA:1275,0
DA:1276,0
DA:1277,0
DA:1278,0
DA:1282,0
DA:1283,0
DA:1285,0
DA:1288,0
DA:1289,0
DA:1290,0
DA:1291,0
DA:1292,0
DA:1294,0
DA:1295,0
DA:1296,0
DA:1297,0
DA:1299,0
DA:1300,0
DA:1301,0
DA:1302,0
DA:1303,0
DA:1305,0
DA:1306,0
DA:1309,0
DA:1310,0
DA:1311,0
DA:1312,0
DA:1313,0
DA:1314,0
DA:1315,0
DA:1317,0
DA:1321,0
DA:1322,0
DA:1323,0
DA:1326,0
DA:1327,0
DA:1328,0
DA:1329,0
DA:1330,0
DA:1332,0
DA:1333,0
DA:1334,0
DA:1335,0
DA:1336,0
DA:1338,0
DA:1339,0
DA:1341,0
DA:1342,0
DA:1344,0
DA:1345,0
DA:1348,0
DA:1349,0
DA:1351,0
DA:1352,0
DA:1358,0
DA:1359,0
DA:1360,0
DA:1362,0
DA:1365,0
DA:1366,0
DA:1367,0
DA:1371,0
DA:1374,0
DA:1375,0
DA:1376,0
DA:1377,0
DA:1378,0
DA:1379,0
DA:1380,0
DA:1382,0
DA:1383,0
DA:1384,0
DA:1385,0
DA:1386,0
DA:1392,0
DA:1395,0
DA:1398,0
DA:1399,0
DA:1405,0
DA:1406,0
DA:1407,0
DA:1409,0
DA:1410,0
DA:1411,0
DA:1412,0
DA:1413,0
DA:1414,0
DA:1416,0
DA:1425,0
DA:1426,0
DA:1427,0
DA:1431,0
DA:1432,0
DA:1433,0
DA:1434,0
DA:1435,0
DA:1436,0
DA:1439,0
DA:1440,0
DA:1442,0
DA:1445,0
DA:1446,0
DA:1447,0
DA:1448,0
DA:1450,0
DA:1451,0
DA:1454,0
DA:1455,0
DA:1456,0
DA:1457,0
DA:1458,0
DA:1460,0
DA:1461,0
DA:1462,0
DA:1463,0
DA:1464,0
DA:1465,0
DA:1467,0
DA:1468,0
DA:1469,0
DA:1470,0
DA:1472,0
DA:1473,0
DA:1475,0
DA:1478,0
DA:1479,0
DA:1480,0
DA:1483,0
DA:1484,0
DA:1485,0
DA:1486,0
DA:1488,0
DA:1489,0
DA:1490,0
DA:1491,0
DA:1493,0
DA:1494,0
DA:1496,0
DA:1497,0
DA:1498,0
DA:1499,0
DA:1500,0
DA:1503,0
DA:1504,0
DA:1505,0
DA:1506,0
DA:1507,0
DA:1509,0
DA:1510,0
DA:1511,0
DA:1513,0
DA:1518,0
DA:1519,0
DA:1522,0
DA:1523,0
DA:1524,0
DA:1525,0
DA:1528,0
DA:1529,0
DA:1530,0
DA:1531,0
DA:1532,0
DA:1533,0
DA:1535,0
DA:1536,0
DA:1537,0
DA:1539,0
DA:1542,0
DA:1543,0
DA:1546,0
DA:1547,0
DA:1548,0
DA:1550,0
DA:1552,0
DA:1553,0
DA:1554,0
DA:1557,0
DA:1558,0
DA:1559,0
DA:1560,0
DA:1561,0
DA:1562,0
DA:1563,0
DA:1564,0
DA:1565,0
DA:1566,0
DA:1569,0
DA:1570,0
DA:1571,0
DA:1572,0
DA:1576,0
DA:1578,0
DA:1579,0
DA:1580,0
DA:1583,0
DA:1584,0
DA:1585,0
DA:1586,0
DA:1587,0
DA:1589,0
DA:1590,0
DA:1591,0
DA:1592,0
DA:1594,0
DA:1595,0
DA:1596,0
DA:1597,0
DA:1599,0
DA:1600,0
DA:1601,0
DA:1604,0
DA:1605,0
DA:1607,0
DA:1610,0
DA:1611,0
DA:1612,0
DA:1613,0
DA:1614,0
DA:1615,0
DA:1616,0
DA:1618,0
DA:1626,0
DA:1627,0
DA:1628,0
DA:1629,0
DA:1630,0
DA:1632,0
DA:1640,0
DA:1641,0
DA:1643,0
DA:1650,0
DA:1656,0
DA:1658,0
DA:1659,0
DA:1661,0
DA:1662,0
DA:1663,0
DA:1664,0
DA:1665,0
DA:1667,0
DA:1668,0
DA:1669,0
DA:1670,0
DA:1672,0
DA:1673,0
DA:1674,0
DA:1675,0
DA:1677,0
DA:1678,0
DA:1679,0
DA:1680,0
DA:1682,0
DA:1683,0
DA:1684,0
DA:1685,0
DA:1686,0
DA:1687,0
DA:1689,0
DA:1690,0
DA:1691,0
DA:1692,0
DA:1694,0
DA:1695,0
DA:1696,0
DA:1697,0
DA:1699,0
DA:1700,0
DA:1701,0
DA:1707,0
DA:1708,0
DA:1709,0
DA:1710,0
DA:1711,0
DA:1712,0
DA:1713,0
DA:1715,0
DA:1716,0
DA:1717,0
DA:1718,0
DA:1719,0
DA:1721,0
DA:1722,0
DA:1723,0
DA:1724,0
DA:1725,0
DA:1726,0
DA:1728,0
DA:1729,0
DA:1730,0
DA:1733,0
DA:1734,0
DA:1735,0
DA:1736,0
DA:1737,0
DA:1738,0
DA:1741,0
DA:1742,0
DA:1743,0
DA:1744,0
DA:1746,0
DA:1747,0
DA:1748,0
DA:1750,0
DA:1753,0
DA:1755,0
DA:1758,0
DA:1762,0
DA:1763,0
DA:1765,0
DA:1766,0
DA:1768,0
DA:1769,0
DA:1772,0
DA:1773,0
DA:1774,0
DA:1777,0
DA:1778,0
DA:1780,0
DA:1781,0
DA:1783,0
DA:1784,0
DA:1791,0
DA:1792,0
DA:1793,0
DA:1794,0
DA:1795,0
DA:1797,0
DA:1799,0
DA:1801,0
DA:1802,0
DA:1803,0
DA:1804,0
DA:1806,0
DA:1807,0
DA:1808,0
DA:1809,0
DA:1810,0
DA:1812,0
DA:1813,0
DA:1814,0
DA:1815,0
DA:1819,0
DA:1820,0
DA:1821,0
DA:1822,0
DA:1826,0
DA:1827,0
DA:1830,0
DA:1831,0
DA:1832,0
DA:1833,0
DA:1834,0
DA:1835,0
DA:1836,0
DA:1838,0
DA:1840,0
DA:1844,0
DA:1845,0
DA:1848,0
DA:1850,0
DA:1856,0
DA:1857,0
DA:1858,0
DA:1859,0
DA:1860,0
DA:1861,0
DA:1863,0
DA:1867,0
DA:1868,0
DA:1869,0
DA:1871,0
DA:1872,0
DA:1873,0
DA:1875,0
DA:1876,0
DA:1880,0
DA:1881,0
DA:1882,0
DA:1883,0
DA:1885,0
DA:1886,0
DA:1887,0
DA:1892,0
DA:1893,0
DA:1894,0
DA:1899,0
DA:1900,0
DA:1902,0
DA:1904,0
DA:1906,0
DA:1908,0
DA:1909,0
DA:1910,0
DA:1913,0
DA:1914,0
DA:1915,0
DA:1916,0
DA:1918,0
DA:1919,0
DA:1920,0
DA:1921,0
DA:1923,0
DA:1924,0
DA:1926,0
DA:1927,0
DA:1928,0
DA:1929,0
DA:1930,0
DA:1931,0
DA:1934,0
DA:1935,0
DA:1936,0
DA:1937,0
DA:1938,0
DA:1940,0
DA:1941,0
DA:1942,0
DA:1943,0
DA:1948,0
DA:1949,0
DA:1953,0
DA:1954,0
DA:1957,0
DA:1958,0
DA:1959,0
DA:1962,0
DA:1963,0
DA:1964,0
DA:1965,0
DA:1966,0
DA:1967,0
DA:1970,0
DA:1971,0
DA:1973,0
DA:1974,0
DA:1975,0
DA:1978,0
DA:1979,0
DA:1980,0
DA:1981,0
DA:1982,0
DA:1983,0
DA:1984,0
DA:1985,0
DA:1986,0
DA:1987,0
DA:1990,0
DA:1991,0
DA:1992,0
DA:1993,0
DA:1997,0
DA:1998,0
DA:2000,0
DA:2003,0
DA:2004,0
DA:2005,0
DA:2006,0
DA:2007,0
DA:2009,0
DA:2010,0
DA:2011,0
DA:2012,0
DA:2014,0
DA:2015,0
DA:2016,0
DA:2017,0
DA:2018,0
DA:2020,0
DA:2021,0
DA:2024,0
DA:2025,0
DA:2026,0
DA:2027,0
DA:2028,0
DA:2029,0
DA:2030,0
DA:2032,0
DA:2036,0
DA:2037,0
DA:2038,0
DA:2041,0
DA:2042,0
DA:2043,0
DA:2044,0
DA:2045,0
DA:2047,0
DA:2048,0
DA:2049,0
DA:2050,0
DA:2051,0
DA:2053,0
DA:2054,0
DA:2056,0
DA:2057,0
DA:2059,0
DA:2060,0
DA:2063,0
DA:2064,0
DA:2066,0
DA:2067,0
LF:1249
LH:0
BRDA:9,0,0,0
BRDA:9,0,1,0
BRDA:12,1,0,0
BRDA:12,1,1,0
BRDA:21,2,0,0
BRDA:21,2,1,0
BRDA:29,3,0,0
BRDA:29,3,1,0
BRDA:39,4,0,0
BRDA:39,4,1,0
BRDA:49,5,0,0
BRDA:49,5,1,0
BRDA:61,6,0,0
BRDA:61,6,1,0
BRDA:64,7,0,0
BRDA:64,7,1,0
BRDA:73,8,0,0
BRDA:73,8,1,0
BRDA:78,9,0,0
BRDA:78,9,1,0
BRDA:83,10,0,0
BRDA:83,10,1,0
BRDA:101,11,0,0
BRDA:101,11,1,0
BRDA:115,12,0,0
BRDA:115,12,1,0
BRDA:116,13,0,0
BRDA:116,13,1,0
BRDA:119,14,0,0
BRDA:119,14,1,0
BRDA:135,15,0,0
BRDA:135,15,1,0
BRDA:135,16,0,0
BRDA:135,16,1,0
BRDA:144,17,0,0
BRDA:144,17,1,0
BRDA:146,18,0,0
BRDA:146,18,1,0
BRDA:154,19,0,0
BRDA:154,19,1,0
BRDA:168,20,0,0
BRDA:168,20,1,0
BRDA:171,21,0,0
BRDA:171,21,1,0
BRDA:176,22,0,0
BRDA:176,22,1,0
BRDA:176,23,0,0
BRDA:176,23,1,0
BRDA:178,24,0,0
BRDA:178,24,1,0
BRDA:180,25,0,0
BRDA:180,25,1,0
BRDA:193,26,0,0
BRDA:193,26,1,0
BRDA:195,27,0,0
BRDA:195,27,1,0
BRDA:209,28,0,0
BRDA:209,28,1,0
BRDA:209,29,0,0
BRDA:209,29,1,0
BRDA:209,29,2,0
BRDA:209,29,3,0
BRDA:228,30,0,0
BRDA:228,30,1,0
BRDA:228,31,0,0
BRDA:228,31,1,0
BRDA:228,32,0,0
BRDA:228,32,1,0
BRDA:232,33,0,0
BRDA:232,33,1,0
BRDA:239,34,0,0
BRDA:239,34,1,0
BRDA:241,35,0,0
BRDA:241,35,1,0
BRDA:241,36,0,0
BRDA:241,36,1,0
BRDA:241,37,0,0
BRDA:241,37,1,0
BRDA:242,38,0,0
BRDA:242,38,1,0
BRDA:243,39,0,0
BRDA:243,39,1,0
BRDA:244,40,0,0
BRDA:244,40,1,0
BRDA:245,41,0,0
BRDA:245,41,1,0
BRDA:253,42,0,0
BRDA:253,42,1,0
BRDA:255,43,0,0
BRDA:255,43,1,0
BRDA:256,44,0,0
BRDA:256,44,1,0
BRDA:265,45,0,0
BRDA:265,45,1,0
BRDA:272,46,0,0
BRDA:272,46,1,0
BRDA:275,47,0,0
BRDA:275,47,1,0
BRDA:275,48,0,0
BRDA:275,48,1,0
BRDA:275,49,0,0
BRDA:275,49,1,0
BRDA:282,50,0,0
BRDA:282,50,1,0
BRDA:285,51,0,0
BRDA:285,51,1,0
BRDA:288,52,0,0
BRDA:288,52,1,0
BRDA:288,53,0,0
BRDA:288,53,1,0
BRDA:291,54,0,0
BRDA:291,54,1,0
BRDA:298,55,0,0
BRDA:298,55,1,0
BRDA:300,56,0,0
BRDA:300,56,1,0
BRDA:308,57,0,0
BRDA:308,57,1,0
BRDA:308,58,0,0
BRDA:308,58,1,0
BRDA:312,59,0,0
BRDA:312,59,1,0
BRDA:312,60,0,0
BRDA:312,60,1,0
BRDA:312,61,0,0
BRDA:312,61,1,0
BRDA:316,62,0,0
BRDA:316,62,1,0
BRDA:316,63,0,0
BRDA:316,63,1,0
BRDA:316,63,2,0
BRDA:341,64,0,0
BRDA:341,64,1,0
BRDA:344,65,0,0
BRDA:344,65,1,0
BRDA:346,66,0,0
BRDA:346,66,1,0
BRDA:354,67,0,0
BRDA:354,67,1,0
BRDA:359,68,0,0
BRDA:359,68,1,0
BRDA:362,69,0,0
BRDA:362,69,1,0
BRDA:363,70,0,0
BRDA:363,70,1,0
BRDA:377,71,0,0
BRDA:377,71,1,0
BRDA:378,72,0,0
BRDA:378,72,1,0
BRDA:381,73,0,0
BRDA:381,73,1,0
BRDA:382,74,0,0
BRDA:382,74,1,0
BRDA:383,75,0,0
BRDA:383,75,1,0
BRDA:386,76,0,0
BRDA:386,76,1,0
BRDA:390,77,0,0
BRDA:390,77,1,0
BRDA:395,78,0,0
BRDA:395,78,1,0
BRDA:398,79,0,0
BRDA:398,79,1,0
BRDA:399,80,0,0
BRDA:399,80,1,0
BRDA:400,81,0,0
BRDA:400,81,1,0
BRDA:404,82,0,0
BRDA:404,82,1,0
BRDA:418,83,0,0
BRDA:418,83,1,0
BRDA:418,84,0,0
BRDA:418,84,1,0
BRDA:422,85,0,0
BRDA:422,85,1,0
BRDA:425,86,0,0
BRDA:425,86,1,0
BRDA:435,87,0,0
BRDA:435,87,1,0
BRDA:435,88,0,0
BRDA:435,88,1,0
BRDA:448,89,0,0
BRDA:448,89,1,0
BRDA:448,90,0,0
BRDA:448,90,1,0
BRDA:452,91,0,0
BRDA:452,91,1,0
BRDA:459,92,0,0
BRDA:459,92,1,0
BRDA:464,93,0,0
BRDA:464,93,1,0
BRDA:464,94,0,0
BRDA:464,94,1,0
BRDA:472,95,0,0
BRDA:472,95,1,0
BRDA:473,96,0,0
BRDA:473,96,1,0
BRDA:475,97,0,0
BRDA:475,97,1,0
BRDA:478,98,0,0
BRDA:478,98,1,0
BRDA:480,99,0,0
BRDA:480,99,1,0
BRDA:500,100,0,0
BRDA:500,100,1,0
BRDA:500,101,0,0
BRDA:500,101,1,0
BRDA:500,101,2,0
BRDA:506,102,0,0
BRDA:506,102,1,0
BRDA:512,103,0,0
BRDA:512,103,1,0
BRDA:518,104,0,0
BRDA:518,104,1,0
BRDA:519,105,0,0
BRDA:519,105,1,0
BRDA:525,106,0,0
BRDA:525,106,1,0
BRDA:530,107,0,0
BRDA:530,107,1,0
BRDA:531,108,0,0
BRDA:531,108,1,0
BRDA:532,109,0,0
BRDA:532,109,1,0
BRDA:535,110,0,0
BRDA:535,110,1,0
BRDA:538,111,0,0
BRDA:538,111,1,0
BRDA:541,112,0,0
BRDA:541,112,1,0
BRDA:561,113,0,0
BRDA:561,113,1,0
BRDA:561,114,0,0
BRDA:561,114,1,0
BRDA:570,115,0,0
BRDA:570,115,1,0
BRDA:574,116,0,0
BRDA:574,116,1,0
BRDA:577,117,0,0
BRDA:577,117,1,0
BRDA:577,118,0,0
BRDA:577,118,1,0
BRDA:577,119,0,0
BRDA:577,119,1,0
BRDA:582,120,0,0
BRDA:582,120,1,0
BRDA:587,121,0,0
BRDA:587,121,1,0
BRDA:590,122,0,0
BRDA:590,122,1,0
BRDA:593,123,0,0
BRDA:593,123,1,0
BRDA:593,124,0,0
BRDA:593,124,1,0
BRDA:596,125,0,0
BRDA:596,125,1,0
BRDA:603,126,0,0
BRDA:603,126,1,0
BRDA:605,127,0,0
BRDA:605,127,1,0
BRDA:611,128,0,0
BRDA:611,128,1,0
BRDA:616,129,0,0
BRDA:616,129,1,0
BRDA:618,130,0,0
BRDA:618,130,1,0
BRDA:619,131,0,0
BRDA:619,131,1,0
BRDA:631,132,0,0
BRDA:631,132,1,0
BRDA:631,133,0,0
BRDA:631,133,1,0
BRDA:635,134,0,0
BRDA:635,134,1,0
BRDA:635,135,0,0
BRDA:635,135,1,0
BRDA:635,136,0,0
BRDA:635,136,1,0
BRDA:639,137,0,0
BRDA:639,137,1,0
BRDA:639,138,0,0
BRDA:639,138,1,0
BRDA:639,138,2,0
BRDA:639,138,3,0
BRDA:639,138,4,0
BRDA:657,139,0,0
BRDA:657,139,1,0
BRDA:660,140,0,0
BRDA:660,140,1,0
BRDA:662,141,0,0
BRDA:662,141,1,0
BRDA:670,142,0,0
BRDA:670,142,1,0
BRDA:675,143,0,0
BRDA:675,143,1,0
BRDA:678,144,0,0
BRDA:678,144,1,0
BRDA:679,145,0,0
BRDA:679,145,1,0
BRDA:692,146,0,0
BRDA:692,146,1,0
BRDA:692,147,0,0
BRDA:692,147,1,0
BRDA:693,148,0,0
BRDA:693,148,1,0
BRDA:694,149,0,0
BRDA:694,149,1,0
BRDA:698,150,0,0
BRDA:698,150,1,0
BRDA:699,151,0,0
BRDA:699,151,1,0
BRDA:700,152,0,0
BRDA:700,152,1,0
BRDA:701,153,0,0
BRDA:701,153,1,0
BRDA:701,154,0,0
BRDA:701,154,1,0
BRDA:707,155,0,0
BRDA:707,155,1,0
BRDA:708,156,0,0
BRDA:708,156,1,0
BRDA:710,157,0,0
BRDA:710,157,1,0
BRDA:710,158,0,0
BRDA:710,158,1,0
BRDA:713,159,0,0
BRDA:713,159,1,0
BRDA:716,160,0,0
BRDA:716,160,1,0
BRDA:722,161,0,0
BRDA:722,161,1,0
BRDA:725,162,0,0
BRDA:725,162,1,0
BRDA:733,163,0,0
BRDA:733,163,1,0
BRDA:738,164,0,0
BRDA:738,164,1,0
BRDA:739,165,0,0
BRDA:739,165,1,0
BRDA:739,166,0,0
BRDA:739,166,1,0
BRDA:752,167,0,0
BRDA:752,167,1,0
BRDA:752,168,0,0
BRDA:752,168,1,0
BRDA:757,169,0,0
BRDA:757,169,1,0
BRDA:774,170,0,0
BRDA:774,170,1,0
BRDA:789,171,0,0
BRDA:789,171,1,0
BRDA:828,172,0,0
BRDA:828,172,1,0
BRDA:828,173,0,0
BRDA:828,173,1,0
BRDA:828,173,2,0
BRDA:836,174,0,0
BRDA:836,174,1,0
BRDA:839,175,0,0
BRDA:839,175,1,0
BRDA:840,176,0,0
BRDA:840,176,1,0
BRDA:844,177,0,0
BRDA:844,177,1,0
BRDA:845,178,0,0
BRDA:845,178,1,0
BRDA:854,179,0,0
BRDA:854,179,1,0
BRDA:854,179,2,0
BRDA:859,180,0,0
BRDA:859,180,1,0
BRDA:883,181,0,0
BRDA:883,181,1,0
BRDA:887,182,0,0
BRDA:887,182,1,0
BRDA:889,183,0,0
BRDA:889,183,1,0
BRDA:899,184,0,0
BRDA:899,184,1,0
BRDA:905,185,0,0
BRDA:905,185,1,0
BRDA:907,186,0,0
BRDA:907,186,1,0
BRDA:914,187,0,0
BRDA:914,187,1,0
BRDA:914,188,0,0
BRDA:914,188,1,0
BRDA:920,189,0,0
BRDA:920,189,1,0
BRDA:937,190,0,0
BRDA:937,190,1,0
BRDA:940,191,0,0
BRDA:940,191,1,0
BRDA:944,192,0,0
BRDA:944,192,1,0
BRDA:944,193,0,0
BRDA:944,193,1,0
BRDA:946,194,0,0
BRDA:946,194,1,0
BRDA:952,195,0,0
BRDA:952,195,1,0
BRDA:952,196,0,0
BRDA:952,196,1,0
BRDA:954,197,0,0
BRDA:954,197,1,0
BRDA:957,198,0,0
BRDA:957,198,1,0
BRDA:982,199,0,0
BRDA:982,199,1,0
BRDA:985,200,0,0
BRDA:985,200,1,0
BRDA:987,201,0,0
BRDA:987,201,1,0
BRDA:995,202,0,0
BRDA:995,202,1,0
BRDA:1020,203,0,0
BRDA:1020,203,1,0
BRDA:1022,204,0,0
BRDA:1022,204,1,0
BRDA:1033,205,0,0
BRDA:1033,205,1,0
BRDA:1035,206,0,0
BRDA:1035,206,1,0
BRDA:1044,207,0,0
BRDA:1044,207,1,0
BRDA:1046,208,0,0
BRDA:1046,208,1,0
BRDA:1064,209,0,0
BRDA:1064,209,1,0
BRDA:1066,210,0,0
BRDA:1066,210,1,0
BRDA:1066,210,2,0
BRDA:1069,211,0,0
BRDA:1069,211,1,0
BRDA:1075,212,0,0
BRDA:1075,212,1,0
BRDA:1076,213,0,0
BRDA:1076,213,1,0
BRDA:1076,214,0,0
BRDA:1076,214,1,0
BRDA:1078,215,0,0
BRDA:1078,215,1,0
BRDA:1080,216,0,0
BRDA:1080,216,1,0
BRDA:1084,217,0,0
BRDA:1084,217,1,0
BRDA:1088,218,0,0
BRDA:1088,218,1,0
BRDA:1089,219,0,0
BRDA:1089,219,1,0
BRDA:1090,220,0,0
BRDA:1090,220,1,0
BRDA:1092,221,0,0
BRDA:1092,221,1,0
BRDA:1096,222,0,0
BRDA:1096,222,1,0
BRDA:1097,223,0,0
BRDA:1097,223,1,0
BRDA:1107,224,0,0
BRDA:1107,224,1,0
BRDA:1107,225,0,0
BRDA:1107,225,1,0
BRDA:1111,226,0,0
BRDA:1111,226,1,0
BRDA:1111,227,0,0
BRDA:1111,227,1,0
BRDA:1115,228,0,0
BRDA:1115,228,1,0
BRDA:1117,229,0,0
BRDA:1117,229,1,0
BRDA:1126,230,0,0
BRDA:1126,230,1,0
BRDA:1126,231,0,0
BRDA:1126,231,1,0
BRDA:1144,232,0,0
BRDA:1144,232,1,0
BRDA:1144,233,0,0
BRDA:1144,233,1,0
BRDA:1144,233,2,0
BRDA:1153,234,0,0
BRDA:1153,234,1,0
BRDA:1159,235,0,0
BRDA:1159,235,1,0
BRDA:1165,236,0,0
BRDA:1165,236,1,0
BRDA:1166,237,0,0
BRDA:1166,237,1,0
BRDA:1172,238,0,0
BRDA:1172,238,1,0
BRDA:1177,239,0,0
BRDA:1177,239,1,0
BRDA:1178,240,0,0
BRDA:1178,240,1,0
BRDA:1179,241,0,0
BRDA:1179,241,1,0
BRDA:1187,242,0,0
BRDA:1187,242,1,0
BRDA:1187,243,0,0
BRDA:1187,243,1,0
BRDA:1189,244,0,0
BRDA:1189,244,1,0
BRDA:1189,244,2,0
BRDA:1193,245,0,0
BRDA:1193,245,1,0
BRDA:1221,246,0,0
BRDA:1221,246,1,0
BRDA:1222,247,0,0
BRDA:1222,247,1,0
BRDA:1226,248,0,0
BRDA:1226,248,1,0
BRDA:1227,249,0,0
BRDA:1227,249,1,0
BRDA:1233,250,0,0
BRDA:1233,250,1,0
BRDA:1238,251,0,0
BRDA:1238,251,1,0
BRDA:1238,252,0,0
BRDA:1238,252,1,0
BRDA:1247,253,0,0
BRDA:1247,253,1,0
BRDA:1252,254,0,0
BRDA:1252,254,1,0
BRDA:1263,255,0,0
BRDA:1263,255,1,0
BRDA:1263,256,0,0
BRDA:1263,256,1,0
BRDA:1272,257,0,0
BRDA:1272,257,1,0
BRDA:1283,258,0,0
BRDA:1283,258,1,0
BRDA:1283,259,0,0
BRDA:1283,259,1,0
BRDA:1285,260,0,0
BRDA:1285,260,1,0
BRDA:1288,261,0,0
BRDA:1288,261,1,0
BRDA:1310,262,0,0
BRDA:1310,262,1,0
BRDA:1313,263,0,0
BRDA:1313,263,1,0
BRDA:1315,264,0,0
BRDA:1315,264,1,0
BRDA:1322,265,0,0
BRDA:1322,265,1,0
BRDA:1359,266,0,0
BRDA:1359,266,1,0
BRDA:1362,267,0,0
BRDA:1362,267,1,0
BRDA:1377,268,0,0
BRDA:1377,268,1,0
BRDA:1377,269,0,0
BRDA:1377,269,1,0
BRDA:1377,269,2,0
BRDA:1384,270,0,0
BRDA:1384,270,1,0
BRDA:1425,271,0,0
BRDA:1425,271,1,0
BRDA:1425,272,0,0
BRDA:1425,272,1,0
BRDA:1425,272,2,0
BRDA:1432,273,0,0
BRDA:1432,273,1,0
BRDA:1432,273,2,0
BRDA:1436,274,0,0
BRDA:1436,274,1,0
BRDA:1439,275,0,0
BRDA:1439,275,1,0
BRDA:1445,276,0,0
BRDA:1445,276,1,0
BRDA:1454,277,0,0
BRDA:1454,277,1,0
BRDA:1472,278,0,0
BRDA:1472,278,1,0
BRDA:1472,279,0,0
BRDA:1472,279,1,0
BRDA:1509,280,0,0
BRDA:1509,280,1,0
BRDA:1509,281,0,0
BRDA:1509,281,1,0
BRDA:1510,282,0,0
BRDA:1510,282,1,0
BRDA:1518,283,0,0
BRDA:1518,283,1,0
BRDA:1518,284,0,0
BRDA:1518,284,1,0
BRDA:1528,285,0,0
BRDA:1528,285,1,0
BRDA:1535,286,0,0
BRDA:1535,286,1,0
BRDA:1537,287,0,0
BRDA:1537,287,1,0
BRDA:1543,288,0,0
BRDA:1543,288,1,0
BRDA:1547,289,0,0
BRDA:1547,289,1,0
BRDA:1557,290,0,0
BRDA:1557,290,1,0
BRDA:1557,291,0,0
BRDA:1557,291,1,0
BRDA:1566,292,0,0
BRDA:1566,292,1,0
BRDA:1576,293,0,0
BRDA:1576,293,1,0
BRDA:1610,294,0,0
BRDA:1610,294,1,0
BRDA:1610,295,0,0
BRDA:1610,295,1,0
BRDA:1613,296,0,0
BRDA:1613,296,1,0
BRDA:1613,297,0,0
BRDA:1613,297,1,0
BRDA:1614,298,0,0
BRDA:1614,298,1,0
BRDA:1614,299,0,0
BRDA:1614,299,1,0
BRDA:1615,300,0,0
BRDA:1615,300,1,0
BRDA:1628,301,0,0
BRDA:1628,301,1,0
BRDA:1628,302,0,0
BRDA:1628,302,1,0
BRDA:1640,303,0,0
BRDA:1640,303,1,0
BRDA:1656,304,0,0
BRDA:1656,304,1,0
BRDA:1659,305,0,0
BRDA:1659,305,1,0
BRDA:1680,306,0,0
BRDA:1680,306,1,0
BRDA:1725,307,0,0
BRDA:1725,307,1,0
BRDA:1741,308,0,0
BRDA:1741,308,1,0
BRDA:1746,309,0,0
BRDA:1746,309,1,0
BRDA:1748,310,0,0
BRDA:1748,310,1,0
BRDA:1762,311,0,0
BRDA:1762,311,1,0
BRDA:1765,312,0,0
BRDA:1765,312,1,0
BRDA:1768,313,0,0
BRDA:1768,313,1,0
BRDA:1777,314,0,0
BRDA:1777,314,1,0
BRDA:1780,315,0,0
BRDA:1780,315,1,0
BRDA:1783,316,0,0
BRDA:1783,316,1,0
BRDA:1797,317,0,0
BRDA:1797,317,1,0
BRDA:1799,318,0,0
BRDA:1799,318,1,0
BRDA:1799,318,2,0
BRDA:1801,319,0,0
BRDA:1801,319,1,0
BRDA:1807,320,0,0
BRDA:1807,320,1,0
BRDA:1808,321,0,0
BRDA:1808,321,1,0
BRDA:1808,322,0,0
BRDA:1808,322,1,0
BRDA:1810,323,0,0
BRDA:1810,323,1,0
BRDA:1812,324,0,0
BRDA:1812,324,1,0
BRDA:1815,325,0,0
BRDA:1815,325,1,0
BRDA:1819,326,0,0
BRDA:1819,326,1,0
BRDA:1820,327,0,0
BRDA:1820,327,1,0
BRDA:1821,328,0,0
BRDA:1821,328,1,0
BRDA:1821,329,0,0
BRDA:1821,329,1,0
BRDA:1826,330,0,0
BRDA:1826,330,1,0
BRDA:1826,331,0,0
BRDA:1826,331,1,0
BRDA:1830,332,0,0
BRDA:1830,332,1,0
BRDA:1830,333,0,0
BRDA:1830,333,1,0
BRDA:1834,334,0,0
BRDA:1834,334,1,0
BRDA:1836,335,0,0
BRDA:1836,335,1,0
BRDA:1844,336,0,0
BRDA:1844,336,1,0
BRDA:1856,337,0,0
BRDA:1856,337,1,0
BRDA:1863,338,0,0
BRDA:1863,338,1,0
BRDA:1863,339,0,0
BRDA:1863,339,1,0
BRDA:1863,339,2,0
BRDA:1869,340,0,0
BRDA:1869,340,1,0
BRDA:1873,341,0,0
BRDA:1873,341,1,0
BRDA:1875,342,0,0
BRDA:1875,342,1,0
BRDA:1881,343,0,0
BRDA:1881,343,1,0
BRDA:1882,344,0,0
BRDA:1882,344,1,0
BRDA:1887,345,0,0
BRDA:1887,345,1,0
BRDA:1892,346,0,0
BRDA:1892,346,1,0
BRDA:1893,347,0,0
BRDA:1893,347,1,0
BRDA:1894,348,0,0
BRDA:1894,348,1,0
BRDA:1902,349,0,0
BRDA:1902,349,1,0
BRDA:1902,350,0,0
BRDA:1902,350,1,0
BRDA:1904,351,0,0
BRDA:1904,351,1,0
BRDA:1904,351,2,0
BRDA:1908,352,0,0
BRDA:1908,352,1,0
BRDA:1936,353,0,0
BRDA:1936,353,1,0
BRDA:1937,354,0,0
BRDA:1937,354,1,0
BRDA:1941,355,0,0
BRDA:1941,355,1,0
BRDA:1942,356,0,0
BRDA:1942,356,1,0
BRDA:1948,357,0,0
BRDA:1948,357,1,0
BRDA:1953,358,0,0
BRDA:1953,358,1,0
BRDA:1953,359,0,0
BRDA:1953,359,1,0
BRDA:1962,360,0,0
BRDA:1962,360,1,0
BRDA:1967,361,0,0
BRDA:1967,361,1,0
BRDA:1978,362,0,0
BRDA:1978,362,1,0
BRDA:1978,363,0,0
BRDA:1978,363,1,0
BRDA:1987,364,0,0
BRDA:1987,364,1,0
BRDA:1998,365,0,0
BRDA:1998,365,1,0
BRDA:1998,366,0,0
BRDA:1998,366,1,0
BRDA:2000,367,0,0
BRDA:2000,367,1,0
BRDA:2003,368,0,0
BRDA:2003,368,1,0
BRDA:2025,369,0,0
BRDA:2025,369,1,0
BRDA:2028,370,0,0
BRDA:2028,370,1,0
BRDA:2030,371,0,0
BRDA:2030,371,1,0
BRDA:2037,372,0,0
BRDA:2037,372,1,0
BRF:764
BRH:0
end_of_record
TN:
SF:public/js/contact-integration.js
FN:10,(anonymous_0)
FN:17,initializeContactIntegration
FN:42,initContactPageEnhancements
FN:73,enhancePhoneVerification
FN:82,(anonymous_4)
FN:94,(anonymous_5)
FN:117,(anonymous_6)
FN:125,(anonymous_7)
FN:142,setupFormAutoSave
FN:150,(anonymous_9)
FN:153,(anonymous_10)
FN:154,(anonymous_11)
FN:157,(anonymous_12)
FN:166,setupNavigationPreservation
FN:170,(anonymous_14)
FN:176,(anonymous_15)
FN:177,(anonymous_16)
FN:185,(anonymous_17)
FN:193,saveCurrentFormState
FN:208,(anonymous_19)
FN:227,restoreContactPageData
FN:238,(anonymous_21)
FN:254,restoreFormState
FN:264,(anonymous_23)
FN:284,isSensitiveField
FN:290,(anonymous_25)
FN:295,showErrorMessage
FN:303,(anonymous_27)
FN:318,(anonymous_28)
FN:327,debounce
FN:329,executedFunction
FN:330,(anonymous_31)
FNF:32
FNH:0
FNDA:0,(anonymous_0)
FNDA:0,initializeContactIntegration
FNDA:0,initContactPageEnhancements
FNDA:0,enhancePhoneVerification
FNDA:0,(anonymous_4)
FNDA:0,(anonymous_5)
FNDA:0,(anonymous_6)
FNDA:0,(anonymous_7)
FNDA:0,setupFormAutoSave
FNDA:0,(anonymous_9)
FNDA:0,(anonymous_10)
FNDA:0,(anonymous_11)
FNDA:0,(anonymous_12)
FNDA:0,setupNavigationPreservation
FNDA:0,(anonymous_14)
FNDA:0,(anonymous_15)
FNDA:0,(anonymous_16)
FNDA:0,(anonymous_17)
FNDA:0,saveCurrentFormState
FNDA:0,(anonymous_19)
FNDA:0,restoreContactPageData
FNDA:0,(anonymous_21)
FNDA:0,restoreFormState
FNDA:0,(anonymous_23)
FNDA:0,isSensitiveField
FNDA:0,(anonymous_25)
FNDA:0,showErrorMessage
FNDA:0,(anonymous_27)
FNDA:0,(anonymous_28)
FNDA:0,debounce
FNDA:0,executedFunction
FNDA:0,(anonymous_31)
DA:10,0
DA:11,0
DA:14,0
DA:15,0
DA:18,0
DA:20,0
DA:24,0
DA:25,0
DA:26,0
DA:27,0
DA:29,0
DA:30,0
DA:34,0
DA:35,0
DA:39,0
DA:43,0
DA:46,0
DA:56,0
DA:59,0
DA:62,0
DA:65,0
DA:68,0
DA:70,0
DA:74,0
DA:77,0
DA:78,0
DA:79,0
DA:82,0
DA:83,0
DA:86,0
DA:88,0
DA:89,0
DA:94,0
DA:95,0
DA:98,0
DA:100,0
DA:101,0
DA:102,0
DA:104,0
DA:106,0
DA:107,0
DA:110,0
DA:111,0
DA:117,0
DA:118,0
DA:120,0
DA:122,0
DA:125,0
DA:126,0
DA:129,0
DA:130,0
DA:133,0
DA:135,0
DA:136,0
DA:137,0
DA:143,0
DA:145,0
DA:146,0
DA:149,0
DA:150,0
DA:152,0
DA:153,0
DA:154,0
DA:157,0
DA:158,0
DA:163,0
DA:167,0
DA:170,0
DA:171,0
DA:172,0
DA:176,0
DA:177,0
DA:178,0
DA:183,0
DA:184,0
DA:185,0
DA:187,0
DA:188,0
DA:194,0
DA:196,0
DA:198,0
DA:199,0
DA:201,0
DA:207,0
DA:208,0
DA:209,0
DA:210,0
DA:211,0
DA:213,0
DA:219,0
DA:222,0
DA:224,0
DA:228,0
DA:230,0
DA:233,0
DA:236,0
DA:237,0
DA:238,0
DA:239,0
DA:244,0
DA:245,0
DA:246,0
DA:247,0
DA:248,0
DA:249,0
DA:255,0
DA:257,0
DA:259,0
DA:260,0
DA:262,0
DA:264,0
DA:265,0
DA:267,0
DA:268,0
DA:269,0
DA:270,0
DA:272,0
DA:276,0
DA:277,0
DA:281,0
DA:285,0
DA:290,0
DA:291,0
DA:297,0
DA:303,0
DA:305,0
DA:306,0
DA:307,0
DA:310,0
DA:311,0
DA:312,0
DA:313,0
DA:315,0
DA:318,0
DA:319,0
DA:320,0
DA:329,0
DA:330,0
DA:331,0
DA:332,0
DA:334,0
DA:335,0
DA:340,0
DA:348,0
LF:144
LH:0
BRDA:20,0,0,0
BRDA:20,0,1,0
BRDA:20,1,0,0
BRDA:20,1,1,0
BRDA:20,1,2,0
BRDA:24,2,0,0
BRDA:24,2,1,0
BRDA:47,3,0,0
BRDA:47,3,1,0
BRDA:48,4,0,0
BRDA:48,4,1,0
BRDA:49,5,0,0
BRDA:49,5,1,0
BRDA:50,6,0,0
BRDA:50,6,1,0
BRDA:51,7,0,0
BRDA:51,7,1,0
BRDA:52,8,0,0
BRDA:52,8,1,0
BRDA:88,9,0,0
BRDA:88,9,1,0
BRDA:101,10,0,0
BRDA:101,10,1,0
BRDA:101,11,0,0
BRDA:101,11,1,0
BRDA:106,12,0,0
BRDA:106,12,1,0
BRDA:129,13,0,0
BRDA:129,13,1,0
BRDA:146,14,0,0
BRDA:146,14,1,0
BRDA:152,15,0,0
BRDA:152,15,1,0
BRDA:152,16,0,0
BRDA:152,16,1,0
BRDA:184,17,0,0
BRDA:184,17,1,0
BRDA:194,18,0,0
BRDA:194,18,1,0
BRDA:199,19,0,0
BRDA:199,19,1,0
BRDA:209,20,0,0
BRDA:209,20,1,0
BRDA:209,21,0,0
BRDA:209,21,1,0
BRDA:210,22,0,0
BRDA:210,22,1,0
BRDA:210,23,0,0
BRDA:210,23,1,0
BRDA:228,24,0,0
BRDA:228,24,1,0
BRDA:237,25,0,0
BRDA:237,25,1,0
BRDA:245,26,0,0
BRDA:245,26,1,0
BRDA:245,27,0,0
BRDA:245,27,1,0
BRDA:247,28,0,0
BRDA:247,28,1,0
BRDA:247,29,0,0
BRDA:247,29,1,0
BRDA:255,30,0,0
BRDA:255,30,1,0
BRDA:260,31,0,0
BRDA:260,31,1,0
BRDA:265,32,0,0
BRDA:265,32,1,0
BRDA:265,33,0,0
BRDA:265,33,1,0
BRDA:268,34,0,0
BRDA:268,34,1,0
BRDA:269,35,0,0
BRDA:269,35,1,0
BRDA:269,36,0,0
BRDA:269,36,1,0
BRDA:305,37,0,0
BRDA:305,37,1,0
BRDA:319,38,0,0
BRDA:319,38,1,0
BRF:79
BRH:0
end_of_record
TN:
SF:public/js/date-picker-handler.js
FN:14,(anonymous_0)
FN:100,(anonymous_1)
FN:102,(anonymous_2)
FN:152,(anonymous_3)
FN:165,(anonymous_4)
FN:180,(anonymous_5)
FN:181,(anonymous_6)
FN:197,(anonymous_7)
FN:201,(anonymous_8)
FN:211,(anonymous_9)
FN:238,(anonymous_10)
FN:261,(anonymous_11)
FN:282,(anonymous_12)
FN:294,(anonymous_13)
FN:316,(anonymous_14)
FN:337,(anonymous_15)
FNF:16
FNH:0
FNDA:0,(anonymous_0)
FNDA:0,(anonymous_1)
FNDA:0,(anonymous_2)
FNDA:0,(anonymous_3)
FNDA:0,(anonymous_4)
FNDA:0,(anonymous_5)
FNDA:0,(anonymous_6)
FNDA:0,(anonymous_7)
FNDA:0,(anonymous_8)
FNDA:0,(anonymous_9)
FNDA:0,(anonymous_10)
FNDA:0,(anonymous_11)
FNDA:0,(anonymous_12)
FNDA:0,(anonymous_13)
FNDA:0,(anonymous_14)
FNDA:0,(anonymous_15)
DA:15,0
DA:16,0
DA:17,0
DA:18,0
DA:20,0
DA:21,0
DA:24,0
DA:101,0
DA:102,0
DA:104,0
DA:108,0
DA:115,0
DA:124,0
DA:127,0
DA:128,0
DA:131,0
DA:132,0
DA:134,0
DA:136,0
DA:141,0
DA:143,0
DA:153,0
DA:154,0
DA:155,0
DA:156,0
DA:157,0
DA:166,0
DA:167,0
DA:168,0
DA:169,0
DA:170,0
DA:171,0
DA:172,0
DA:181,0
DA:182,0
DA:183,0
DA:189,0
DA:198,0
DA:201,0
DA:203,0
DA:204,0
DA:212,0
DA:213,0
DA:215,0
DA:218,0
DA:219,0
DA:220,0
DA:221,0
DA:223,0
DA:224,0
DA:225,0
DA:229,0
DA:239,0
DA:241,0
DA:242,0
DA:243,0
DA:244,0
DA:245,0
DA:247,0
DA:248,0
DA:249,0
DA:252,0
DA:253,0
DA:254,0
DA:255,0
DA:256,0
DA:257,0
DA:261,0
DA:263,0
DA:265,0
DA:266,0
DA:267,0
DA:269,0
DA:270,0
DA:271,0
DA:273,0
DA:274,0
DA:277,0
DA:278,0
DA:282,0
DA:283,0
DA:284,0
DA:285,0
DA:287,0
DA:288,0
DA:294,0
DA:295,0
DA:296,0
DA:297,0
DA:298,0
DA:299,0
DA:302,0
DA:303,0
DA:304,0
DA:305,0
DA:306,0
DA:307,0
DA:317,0
DA:318,0
DA:319,0
DA:320,0
DA:322,0
DA:323,0
DA:325,0
DA:326,0
DA:329,0
DA:338,0
DA:339,0
DA:342,0
DA:344,0
LF:110
LH:0
BRDA:134,0,0,0
BRDA:134,0,1,0
BRDA:153,1,0,0
BRDA:153,1,1,0
BRDA:155,2,0,0
BRDA:155,2,1,0
BRDA:156,3,0,0
BRDA:156,3,1,0
BRDA:168,4,0,0
BRDA:168,4,1,0
BRDA:170,5,0,0
BRDA:170,5,1,0
BRDA:171,6,0,0
BRDA:171,6,1,0
BRDA:203,7,0,0
BRDA:203,7,1,0
BRDA:213,8,0,0
BRDA:213,8,1,0
BRDA:220,9,0,0
BRDA:220,9,1,0
BRDA:224,10,0,0
BRDA:224,10,1,0
BRDA:243,11,0,0
BRDA:243,11,1,0
BRDA:253,12,0,0
BRDA:253,12,1,0
BRDA:284,13,0,0
BRDA:284,13,1,0
BRDA:285,14,0,0
BRDA:285,14,1,0
BRDA:287,15,0,0
BRDA:287,15,1,0
BRDA:292,16,0,0
BRDA:292,16,1,0
BRDA:322,17,0,0
BRDA:322,17,1,0
BRDA:325,18,0,0
BRDA:325,18,1,0
BRDA:344,19,0,0
BRDA:344,19,1,0
BRF:40
BRH:0
end_of_record
TN:
SF:public/js/firebase-session-manager.js
FN:10,(anonymous_0)
FN:23,(anonymous_1)
FN:38,(anonymous_2)
FN:53,(anonymous_3)
FN:77,(anonymous_4)
FN:82,(anonymous_5)
FN:85,(anonymous_6)
FN:100,(anonymous_7)
FN:138,(anonymous_8)
FN:160,(anonymous_9)
FN:187,(anonymous_10)
FN:193,(anonymous_11)
FN:200,(anonymous_12)
FN:209,(anonymous_13)
FN:213,(anonymous_14)
FN:229,(anonymous_15)
FN:233,(anonymous_16)
FN:251,(anonymous_17)
FN:257,(anonymous_18)
FN:265,(anonymous_19)
FN:284,(anonymous_20)
FN:291,(anonymous_21)
FN:298,(anonymous_22)
FN:312,(anonymous_23)
FN:329,(anonymous_24)
FN:338,(anonymous_25)
FN:355,(anonymous_26)
FN:358,(anonymous_27)
FNF:28
FNH:0
FNDA:0,(anonymous_0)
FNDA:0,(anonymous_1)
FNDA:0,(anonymous_2)
FNDA:0,(anonymous_3)
FNDA:0,(anonymous_4)
FNDA:0,(anonymous_5)
FNDA:0,(anonymous_6)
FNDA:0,(anonymous_7)
FNDA:0,(anonymous_8)
FNDA:0,(anonymous_9)
FNDA:0,(anonymous_10)
FNDA:0,(anonymous_11)
FNDA:0,(anonymous_12)
FNDA:0,(anonymous_13)
FNDA:0,(anonymous_14)
FNDA:0,(anonymous_15)
FNDA:0,(anonymous_16)
FNDA:0,(anonymous_17)
FNDA:0,(anonymous_18)
FNDA:0,(anonymous_19)
FNDA:0,(anonymous_20)
FNDA:0,(anonymous_21)
FNDA:0,(anonymous_22)
FNDA:0,(anonymous_23)
FNDA:0,(anonymous_24)
FNDA:0,(anonymous_25)
FNDA:0,(anonymous_26)
FNDA:0,(anonymous_27)
DA:11,0
DA:12,0
DA:13,0
DA:14,0
DA:15,0
DA:17,0
DA:24,0
DA:25,0
DA:26,0
DA:30,0
DA:31,0
DA:34,0
DA:35,0
DA:38,0
DA:39,0
DA:42,0
DA:43,0
DA:45,0
DA:46,0
DA:54,0
DA:55,0
DA:58,0
DA:59,0
DA:63,0
DA:65,0
DA:68,0
DA:69,0
DA:78,0
DA:79,0
DA:80,0
DA:83,0
DA:86,0
DA:90,0
DA:92,0
DA:93,0
DA:101,0
DA:102,0
DA:103,0
DA:107,0
DA:108,0
DA:109,0
DA:113,0
DA:114,0
DA:118,0
DA:121,0
DA:126,0
DA:127,0
DA:128,0
DA:130,0
DA:131,0
DA:139,0
DA:140,0
DA:141,0
DA:144,0
DA:145,0
DA:148,0
DA:150,0
DA:152,0
DA:153,0
DA:161,0
DA:163,0
DA:166,0
DA:169,0
DA:170,0
DA:171,0
DA:172,0
DA:176,0
DA:177,0
DA:188,0
DA:190,0
DA:193,0
DA:194,0
DA:198,0
DA:199,0
DA:200,0
DA:201,0
DA:210,0
DA:211,0
DA:213,0
DA:214,0
DA:215,0
DA:216,0
DA:218,0
DA:223,0
DA:230,0
DA:231,0
DA:233,0
DA:234,0
DA:235,0
DA:236,0
DA:237,0
DA:239,0
DA:243,0
DA:252,0
DA:257,0
DA:258,0
DA:266,0
DA:268,0
DA:270,0
DA:271,0
DA:272,0
DA:273,0
DA:274,0
DA:275,0
DA:278,0
DA:285,0
DA:292,0
DA:299,0
DA:300,0
DA:301,0
DA:302,0
DA:305,0
DA:313,0
DA:323,0
DA:330,0
DA:333,0
DA:334,0
DA:335,0
DA:338,0
DA:339,0
DA:340,0
DA:341,0
DA:347,0
DA:352,0
DA:355,0
DA:357,0
DA:358,0
DA:359,0
DA:365,0
DA:366,0
LF:130
LH:0
BRDA:25,0,0,0
BRDA:25,0,1,0
BRDA:30,1,0,0
BRDA:30,1,1,0
BRDA:54,2,0,0
BRDA:54,2,1,0
BRDA:58,3,0,0
BRDA:58,3,1,0
BRDA:68,4,0,0
BRDA:68,4,1,0
BRDA:77,5,0,0
BRDA:79,6,0,0
BRDA:79,6,1,0
BRDA:102,7,0,0
BRDA:102,7,1,0
BRDA:108,8,0,0
BRDA:108,8,1,0
BRDA:113,9,0,0
BRDA:113,9,1,0
BRDA:140,10,0,0
BRDA:140,10,1,0
BRDA:161,11,0,0
BRDA:161,11,1,0
BRDA:170,12,0,0
BRDA:170,12,1,0
BRDA:176,13,0,0
BRDA:176,13,1,0
BRDA:188,14,0,0
BRDA:188,14,1,0
BRDA:199,15,0,0
BRDA:199,15,1,0
BRDA:214,16,0,0
BRDA:214,16,1,0
BRDA:214,17,0,0
BRDA:214,17,1,0
BRDA:215,18,0,0
BRDA:215,18,1,0
BRDA:215,19,0,0
BRDA:215,19,1,0
BRDA:231,20,0,0
BRDA:231,20,1,0
BRDA:235,21,0,0
BRDA:235,21,1,0
BRDA:236,22,0,0
BRDA:236,22,1,0
BRDA:236,23,0,0
BRDA:236,23,1,0
BRDA:266,24,0,0
BRDA:266,24,1,0
BRDA:270,25,0,0
BRDA:270,25,1,0
BRDA:272,26,0,0
BRDA:272,26,1,0
BRDA:272,27,0,0
BRDA:272,27,1,0
BRDA:274,28,0,0
BRDA:274,28,1,0
BRDA:285,29,0,0
BRDA:285,29,1,0
BRDA:292,30,0,0
BRDA:292,30,1,0
BRDA:300,31,0,0
BRDA:300,31,1,0
BRDA:323,32,0,0
BRDA:323,32,1,0
BRDA:330,33,0,0
BRDA:330,33,1,0
BRDA:334,34,0,0
BRDA:334,34,1,0
BRDA:334,35,0,0
BRDA:334,35,1,0
BRDA:339,36,0,0
BRDA:339,36,1,0
BRDA:357,37,0,0
BRDA:357,37,1,0
BRDA:365,38,0,0
BRDA:365,38,1,0
BRDA:365,39,0,0
BRDA:365,39,1,0
BRF:79
BRH:0
end_of_record
TN:
SF:public/js/global-sidebar.js
FN:2,(anonymous_0)
FN:8,openSidebar
FN:14,closeSidebar
FN:37,(anonymous_3)
FN:44,(anonymous_4)
FNF:5
FNH:0
FNDA:0,(anonymous_0)
FNDA:0,openSidebar
FNDA:0,closeSidebar
FNDA:0,(anonymous_3)
FNDA:0,(anonymous_4)
DA:2,0
DA:3,0
DA:4,0
DA:5,0
DA:6,0
DA:9,0
DA:10,0
DA:11,0
DA:15,0
DA:16,0
DA:17,0
DA:21,0
DA:24,0
DA:25,0
DA:28,0
DA:29,0
DA:32,0
DA:33,0
DA:37,0
DA:38,0
DA:39,0
DA:44,0
DA:45,0
DA:46,0
LF:24
LH:0
BRDA:24,0,0,0
BRDA:24,0,1,0
BRDA:28,1,0,0
BRDA:28,1,1,0
BRDA:32,2,0,0
BRDA:32,2,1,0
BRDA:38,3,0,0
BRDA:38,3,1,0
BRDA:45,4,0,0
BRDA:45,4,1,0
BRF:10
BRH:0
end_of_record
TN:
SF:public/js/session-persistence.js
FN:17,(anonymous_0)
FN:35,(anonymous_1)
FN:37,(anonymous_2)
FN:52,(anonymous_3)
FN:73,(anonymous_4)
FN:94,(anonymous_5)
FN:102,(anonymous_6)
FN:114,(anonymous_7)
FN:138,(anonymous_8)
FN:148,(anonymous_9)
FN:179,(anonymous_10)
FN:226,(anonymous_11)
FN:241,(anonymous_12)
FN:267,(anonymous_13)
FN:303,(anonymous_14)
FN:312,(anonymous_15)
FN:315,(anonymous_16)
FN:325,(anonymous_17)
FN:327,(anonymous_18)
FN:341,(anonymous_19)
FN:351,(anonymous_20)
FN:373,(anonymous_21)
FN:383,(anonymous_22)
FN:405,(anonymous_23)
FN:420,(anonymous_24)
FN:428,(anonymous_25)
FN:435,(anonymous_26)
FN:452,(anonymous_27)
FN:471,(anonymous_28)
FN:472,(anonymous_29)
FN:481,(anonymous_30)
FN:494,(anonymous_31)
FN:496,(anonymous_32)
FN:502,(anonymous_33)
FN:519,(anonymous_34)
FN:525,(anonymous_35)
FN:526,(anonymous_36)
FN:527,(anonymous_37)
FN:533,(anonymous_38)
FN:534,(anonymous_39)
FN:535,(anonymous_40)
FN:545,(anonymous_41)
FN:550,(anonymous_42)
FN:551,(anonymous_43)
FN:552,(anonymous_44)
FN:562,(anonymous_45)
FN:564,(anonymous_46)
FN:566,(anonymous_47)
FN:576,(anonymous_48)
FN:581,(anonymous_49)
FN:586,(anonymous_50)
FN:587,(anonymous_51)
FN:590,(anonymous_52)
FN:591,(anonymous_53)
FN:603,(anonymous_54)
FN:607,(anonymous_55)
FN:612,(anonymous_56)
FN:618,(anonymous_57)
FN:623,(anonymous_58)
FN:624,(anonymous_59)
FNF:60
FNH:0
FNDA:0,(anonymous_0)
FNDA:0,(anonymous_1)
FNDA:0,(anonymous_2)
FNDA:0,(anonymous_3)
FNDA:0,(anonymous_4)
FNDA:0,(anonymous_5)
FNDA:0,(anonymous_6)
FNDA:0,(anonymous_7)
FNDA:0,(anonymous_8)
FNDA:0,(anonymous_9)
FNDA:0,(anonymous_10)
FNDA:0,(anonymous_11)
FNDA:0,(anonymous_12)
FNDA:0,(anonymous_13)
FNDA:0,(anonymous_14)
FNDA:0,(anonymous_15)
FNDA:0,(anonymous_16)
FNDA:0,(anonymous_17)
FNDA:0,(anonymous_18)
FNDA:0,(anonymous_19)
FNDA:0,(anonymous_20)
FNDA:0,(anonymous_21)
FNDA:0,(anonymous_22)
FNDA:0,(anonymous_23)
FNDA:0,(anonymous_24)
FNDA:0,(anonymous_25)
FNDA:0,(anonymous_26)
FNDA:0,(anonymous_27)
FNDA:0,(anonymous_28)
FNDA:0,(anonymous_29)
FNDA:0,(anonymous_30)
FNDA:0,(anonymous_31)
FNDA:0,(anonymous_32)
FNDA:0,(anonymous_33)
FNDA:0,(anonymous_34)
FNDA:0,(anonymous_35)
FNDA:0,(anonymous_36)
FNDA:0,(anonymous_37)
FNDA:0,(anonymous_38)
FNDA:0,(anonymous_39)
FNDA:0,(anonymous_40)
FNDA:0,(anonymous_41)
FNDA:0,(anonymous_42)
FNDA:0,(anonymous_43)
FNDA:0,(anonymous_44)
FNDA:0,(anonymous_45)
FNDA:0,(anonymous_46)
FNDA:0,(anonymous_47)
FNDA:0,(anonymous_48)
FNDA:0,(anonymous_49)
FNDA:0,(anonymous_50)
FNDA:0,(anonymous_51)
FNDA:0,(anonymous_52)
FNDA:0,(anonymous_53)
FNDA:0,(anonymous_54)
FNDA:0,(anonymous_55)
FNDA:0,(anonymous_56)
FNDA:0,(anonymous_57)
FNDA:0,(anonymous_58)
FNDA:0,(anonymous_59)
DA:18,0
DA:19,0
DA:27,0
DA:29,0
DA:36,0
DA:37,0
DA:38,0
DA:39,0
DA:40,0
DA:42,0
DA:43,0
DA:53,0
DA:54,0
DA:56,0
DA:57,0
DA:58,0
DA:59,0
DA:62,0
DA:63,0
DA:64,0
DA:66,0
DA:67,0
DA:74,0
DA:75,0
DA:77,0
DA:78,0
DA:79,0
DA:80,0
DA:81,0
DA:83,0
DA:84,0
DA:88,0
DA:95,0
DA:96,0
DA:103,0
DA:104,0
DA:106,0
DA:113,0
DA:114,0
DA:115,0
DA:118,0
DA:119,0
DA:120,0
DA:122,0
DA:127,0
DA:128,0
DA:131,0
DA:132,0
DA:139,0
DA:140,0
DA:142,0
DA:143,0
DA:145,0
DA:148,0
DA:149,0
DA:150,0
DA:151,0
DA:154,0
DA:155,0
DA:156,0
DA:157,0
DA:161,0
DA:162,0
DA:163,0
DA:169,0
DA:170,0
DA:173,0
DA:180,0
DA:181,0
DA:183,0
DA:184,0
DA:186,0
DA:192,0
DA:193,0
DA:199,0
DA:200,0
DA:201,0
DA:202,0
DA:203,0
DA:205,0
DA:215,0
DA:216,0
DA:219,0
DA:220,0
DA:227,0
DA:228,0
DA:230,0
DA:231,0
DA:233,0
DA:235,0
DA:236,0
DA:237,0
DA:240,0
DA:241,0
DA:243,0
DA:244,0
DA:245,0
DA:249,0
DA:252,0
DA:253,0
DA:254,0
DA:255,0
DA:258,0
DA:261,0
DA:268,0
DA:269,0
DA:271,0
DA:273,0
DA:279,0
DA:280,0
DA:281,0
DA:285,0
DA:286,0
DA:287,0
DA:291,0
DA:292,0
DA:293,0
DA:296,0
DA:297,0
DA:304,0
DA:305,0
DA:307,0
DA:310,0
DA:312,0
DA:313,0
DA:314,0
DA:315,0
DA:316,0
DA:317,0
DA:324,0
DA:325,0
DA:326,0
DA:327,0
DA:328,0
DA:329,0
DA:335,0
DA:342,0
DA:343,0
DA:345,0
DA:350,0
DA:351,0
DA:352,0
DA:353,0
DA:354,0
DA:356,0
DA:362,0
DA:363,0
DA:364,0
DA:366,0
DA:367,0
DA:374,0
DA:375,0
DA:377,0
DA:378,0
DA:380,0
DA:383,0
DA:384,0
DA:386,0
DA:387,0
DA:388,0
DA:389,0
DA:391,0
DA:395,0
DA:399,0
DA:406,0
DA:413,0
DA:414,0
DA:421,0
DA:422,0
DA:429,0
DA:436,0
DA:438,0
DA:439,0
DA:440,0
DA:441,0
DA:442,0
DA:443,0
DA:444,0
DA:445,0
DA:453,0
DA:455,0
DA:456,0
DA:457,0
DA:458,0
DA:459,0
DA:460,0
DA:461,0
DA:462,0
DA:465,0
DA:472,0
DA:473,0
DA:475,0
DA:482,0
DA:495,0
DA:496,0
DA:503,0
DA:505,0
DA:506,0
DA:507,0
DA:508,0
DA:509,0
DA:510,0
DA:511,0
DA:512,0
DA:520,0
DA:521,0
DA:524,0
DA:525,0
DA:526,0
DA:527,0
DA:532,0
DA:533,0
DA:534,0
DA:535,0
DA:539,0
DA:546,0
DA:547,0
DA:549,0
DA:550,0
DA:551,0
DA:552,0
DA:556,0
DA:564,0
DA:565,0
DA:566,0
DA:570,0
DA:577,0
DA:578,0
DA:580,0
DA:581,0
DA:582,0
DA:583,0
DA:586,0
DA:587,0
DA:590,0
DA:591,0
DA:595,0
DA:600,0
DA:603,0
DA:604,0
DA:607,0
DA:608,0
DA:612,0
DA:613,0
DA:618,0
DA:619,0
DA:623,0
DA:624,0
DA:625,0
DA:630,0
DA:631,0
LF:251
LH:0
BRDA:36,0,0,0
BRDA:36,0,1,0
BRDA:36,1,0,0
BRDA:36,1,1,0
BRDA:38,2,0,0
BRDA:38,2,1,0
BRDA:52,3,0,0
BRDA:56,4,0,0
BRDA:56,4,1,0
BRDA:63,5,0,0
BRDA:63,5,1,0
BRDA:64,6,0,0
BRDA:64,6,1,0
BRDA:79,7,0,0
BRDA:79,7,1,0
BRDA:104,8,0,0
BRDA:104,8,1,0
BRDA:119,9,0,0
BRDA:119,9,1,0
BRDA:120,10,0,0
BRDA:120,10,1,0
BRDA:127,11,0,0
BRDA:127,11,1,0
BRDA:127,12,0,0
BRDA:127,12,1,0
BRDA:140,13,0,0
BRDA:140,13,1,0
BRDA:143,14,0,0
BRDA:143,14,1,0
BRDA:150,15,0,0
BRDA:150,15,1,0
BRDA:154,16,0,0
BRDA:154,16,1,0
BRDA:156,17,0,0
BRDA:156,17,1,0
BRDA:162,18,0,0
BRDA:162,18,1,0
BRDA:169,19,0,0
BRDA:169,19,1,0
BRDA:181,20,0,0
BRDA:181,20,1,0
BRDA:184,21,0,0
BRDA:184,21,1,0
BRDA:192,22,0,0
BRDA:192,22,1,0
BRDA:200,23,0,0
BRDA:200,23,1,0
BRDA:207,24,0,0
BRDA:207,24,1,0
BRDA:208,25,0,0
BRDA:208,25,1,0
BRDA:209,26,0,0
BRDA:209,26,1,0
BRDA:215,27,0,0
BRDA:215,27,1,0
BRDA:228,28,0,0
BRDA:228,28,1,0
BRDA:231,29,0,0
BRDA:231,29,1,0
BRDA:236,30,0,0
BRDA:236,30,1,0
BRDA:244,31,0,0
BRDA:244,31,1,0
BRDA:252,32,0,0
BRDA:252,32,1,0
BRDA:254,33,0,0
BRDA:254,33,1,0
BRDA:271,34,0,0
BRDA:271,34,1,0
BRDA:280,35,0,0
BRDA:280,35,1,0
BRDA:286,36,0,0
BRDA:286,36,1,0
BRDA:292,37,0,0
BRDA:292,37,1,0
BRDA:305,38,0,0
BRDA:305,38,1,0
BRDA:310,39,0,0
BRDA:310,39,1,0
BRDA:316,40,0,0
BRDA:316,40,1,0
BRDA:324,41,0,0
BRDA:324,41,1,0
BRDA:328,42,0,0
BRDA:328,42,1,0
BRDA:343,43,0,0
BRDA:343,43,1,0
BRDA:352,44,0,0
BRDA:352,44,1,0
BRDA:352,45,0,0
BRDA:352,45,1,0
BRDA:352,45,2,0
BRDA:353,46,0,0
BRDA:353,46,1,0
BRDA:353,47,0,0
BRDA:353,47,1,0
BRDA:375,48,0,0
BRDA:375,48,1,0
BRDA:378,49,0,0
BRDA:378,49,1,0
BRDA:384,50,0,0
BRDA:384,50,1,0
BRDA:387,51,0,0
BRDA:387,51,1,0
BRDA:388,52,0,0
BRDA:388,52,1,0
BRDA:388,53,0,0
BRDA:388,53,1,0
BRDA:438,54,0,0
BRDA:438,54,1,0
BRDA:438,55,0,0
BRDA:438,55,1,0
BRDA:440,56,0,0
BRDA:440,56,1,0
BRDA:442,57,0,0
BRDA:442,57,1,0
BRDA:444,58,0,0
BRDA:444,58,1,0
BRDA:444,59,0,0
BRDA:444,59,1,0
BRDA:455,60,0,0
BRDA:455,60,1,0
BRDA:455,61,0,0
BRDA:455,61,1,0
BRDA:457,62,0,0
BRDA:457,62,1,0
BRDA:459,63,0,0
BRDA:459,63,1,0
BRDA:461,64,0,0
BRDA:461,64,1,0
BRDA:461,65,0,0
BRDA:461,65,1,0
BRDA:505,66,0,0
BRDA:505,66,1,0
BRDA:505,67,0,0
BRDA:505,67,1,0
BRDA:507,68,0,0
BRDA:507,68,1,0
BRDA:509,69,0,0
BRDA:509,69,1,0
BRDA:511,70,0,0
BRDA:511,70,1,0
BRDA:511,71,0,0
BRDA:511,71,1,0
BRDA:521,72,0,0
BRDA:521,72,1,0
BRDA:547,73,0,0
BRDA:547,73,1,0
BRDA:565,74,0,0
BRDA:565,74,1,0
BRDA:578,75,0,0
BRDA:578,75,1,0
BRDA:582,76,0,0
BRDA:582,76,1,0
BRDA:582,77,0,0
BRDA:582,77,1,0
BRDA:582,77,2,0
BRDA:630,78,0,0
BRDA:630,78,1,0
BRDA:630,79,0,0
BRDA:630,79,1,0
BRF:161
BRH:0
end_of_record
TN:
SF:public/js/square-debug.js
FN:29,(anonymous_0)
FN:45,(anonymous_1)
FNF:2
FNH:0
FNDA:0,(anonymous_0)
FNDA:0,(anonymous_1)
DA:6,0
DA:9,0
DA:10,0
DA:11,0
DA:14,0
DA:15,0
DA:16,0
DA:19,0
DA:20,0
DA:29,0
DA:30,0
DA:31,0
DA:32,0
DA:33,0
DA:34,0
DA:35,0
DA:40,0
DA:42,0
DA:45,0
DA:46,0
DA:48,0
DA:49,0
DA:50,0
DA:54,0
DA:55,0
DA:57,0
DA:58,0
DA:59,0
DA:60,0
DA:62,0
DA:63,0
DA:64,0
DA:66,0
DA:67,0
DA:68,0
DA:71,0
DA:75,0
DA:78,0
LF:38
LH:0
BRDA:9,0,0,0
BRDA:9,0,1,0
BRDA:31,1,0,0
BRDA:31,1,1,0
BRDA:32,2,0,0
BRDA:32,2,1,0
BRDA:34,3,0,0
BRDA:34,3,1,0
BRDA:48,4,0,0
BRDA:48,4,1,0
BRF:10
BRH:0
end_of_record
TN:
SF:public/web/assets/js/breakpoints.min.js
FN:2,(anonymous_0)
FN:2,e
FN:2,(anonymous_2)
FN:2,(anonymous_3)
FN:2,(anonymous_4)
FN:2,(anonymous_5)
FN:2,(anonymous_6)
FN:2,(anonymous_7)
FN:2,(anonymous_8)
FN:2,(anonymous_9)
FNF:10
FNH:0
FNDA:0,(anonymous_0)
FNDA:0,e
FNDA:0,(anonymous_2)
FNDA:0,(anonymous_3)
FNDA:0,(anonymous_4)
FNDA:0,(anonymous_5)
FNDA:0,(anonymous_6)
FNDA:0,(anonymous_7)
FNDA:0,(anonymous_8)
FNDA:0,(anonymous_9)
DA:2,0
LF:1
LH:0
BRDA:2,0,0,0
BRDA:2,0,1,0
BRDA:2,1,0,0
BRDA:2,1,1,0
BRDA:2,2,0,0
BRDA:2,2,1,0
BRDA:2,3,0,0
BRDA:2,3,1,0
BRDA:2,4,0,0
BRDA:2,4,1,0
BRDA:2,5,0,0
BRDA:2,5,1,0
BRDA:2,6,0,0
BRDA:2,6,1,0
BRDA:2,7,0,0
BRDA:2,7,1,0
BRDA:2,8,0,0
BRDA:2,8,1,0
BRDA:2,9,0,0
BRDA:2,9,1,0
BRDA:2,10,0,0
BRDA:2,10,1,0
BRDA:2,11,0,0
BRDA:2,11,1,0
BRDA:2,12,0,0
BRDA:2,12,1,0
BRDA:2,12,2,0
BRDA:2,12,3,0
BRDA:2,12,4,0
BRDA:2,12,5,0
BRDA:2,13,0,0
BRDA:2,13,1,0
BRDA:2,14,0,0
BRDA:2,14,1,0
BRDA:2,14,2,0
BRDA:2,14,3,0
BRDA:2,14,4,0
BRDA:2,14,5,0
BRDA:2,15,0,0
BRDA:2,15,1,0
BRDA:2,15,2,0
BRDA:2,15,3,0
BRDA:2,15,4,0
BRDA:2,15,5,0
BRDA:2,16,0,0
BRDA:2,16,1,0
BRDA:2,17,0,0
BRDA:2,17,1,0
BRDA:2,18,0,0
BRDA:2,18,1,0
BRDA:2,19,0,0
BRDA:2,19,1,0
BRDA:2,20,0,0
BRDA:2,20,1,0
BRDA:2,21,0,0
BRDA:2,21,1,0
BRDA:2,22,0,0
BRDA:2,22,1,0
BRDA:2,23,0,0
BRDA:2,23,1,0
BRDA:2,24,0,0
BRDA:2,24,1,0
BRDA:2,25,0,0
BRDA:2,25,1,0
BRF:64
BRH:0
end_of_record
TN:
SF:public/web/assets/js/browser.min.js
FN:2,(anonymous_0)
FN:2,(anonymous_1)
FN:2,(anonymous_2)
FN:2,(anonymous_3)
FN:2,(anonymous_4)
FN:2,(anonymous_5)
FN:2,(anonymous_6)
FN:2,(anonymous_7)
FNF:8
FNH:0
FNDA:0,(anonymous_0)
FNDA:0,(anonymous_1)
FNDA:0,(anonymous_2)
FNDA:0,(anonymous_3)
FNDA:0,(anonymous_4)
FNDA:0,(anonymous_5)
FNDA:0,(anonymous_6)
FNDA:0,(anonymous_7)
DA:2,0
LF:1
LH:0
BRDA:2,0,0,0
BRDA:2,0,1,0
BRDA:2,1,0,0
BRDA:2,1,1,0
BRDA:2,1,2,0
BRDA:2,1,3,0
BRDA:2,1,4,0
BRDA:2,2,0,0
BRDA:2,2,1,0
BRDA:2,3,0,0
BRDA:2,3,1,0
BRDA:2,4,0,0
BRDA:2,4,1,0
BRDA:2,5,0,0
BRDA:2,5,1,0
BRDA:2,5,2,0
BRDA:2,5,3,0
BRDA:2,5,4,0
BRDA:2,5,5,0
BRDA:2,5,6,0
BRDA:2,5,7,0
BRDA:2,5,8,0
BRDA:2,5,9,0
BRDA:2,5,10,0
BRDA:2,6,0,0
BRDA:2,6,1,0
BRDA:2,7,0,0
BRDA:2,7,1,0
BRDA:2,7,2,0
BRDA:2,7,3,0
BRDA:2,8,0,0
BRDA:2,8,1,0
BRDA:2,9,0,0
BRDA:2,9,1,0
BRDA:2,10,0,0
BRDA:2,10,1,0
BRF:36
BRH:0
end_of_record
TN:
SF:public/web/assets/js/jquery.min.js
FN:2,(anonymous_0)
FN:2,(anonymous_1)
FN:2,(anonymous_2)
FN:2,(anonymous_3)
FN:2,(anonymous_4)
FN:2,(anonymous_5)
FN:2,(anonymous_6)
FN:2,b
FN:2,w
FN:2,(anonymous_9)
FN:2,p
FN:2,(anonymous_11)
FN:2,(anonymous_12)
FN:2,(anonymous_13)
FN:2,(anonymous_14)
FN:2,(anonymous_15)
FN:2,(anonymous_16)
FN:2,(anonymous_17)
FN:2,(anonymous_18)
FN:2,(anonymous_19)
FN:2,(anonymous_20)
FN:2,(anonymous_21)
FN:2,(anonymous_22)
FN:2,(anonymous_23)
FN:2,(anonymous_24)
FN:2,(anonymous_25)
FN:2,(anonymous_26)
FN:2,(anonymous_27)
FN:2,(anonymous_28)
FN:2,(anonymous_29)
FN:2,(anonymous_30)
FN:2,(anonymous_31)
FN:2,(anonymous_32)
FN:2,(anonymous_33)
FN:2,(anonymous_34)
FN:2,(anonymous_35)
FN:2,(anonymous_36)
FN:2,(anonymous_37)
FN:2,(anonymous_38)
FN:2,(anonymous_39)
FN:2,(anonymous_40)
FN:2,(anonymous_41)
FN:2,(anonymous_42)
FN:2,(anonymous_43)
FN:2,(anonymous_44)
FN:2,(anonymous_45)
FN:2,(anonymous_46)
FN:2,(anonymous_47)
FN:2,se
FN:2,ue
FN:2,e
FN:2,le
FN:2,ce
FN:2,fe
FN:2,pe
FN:2,de
FN:2,(anonymous_56)
FN:2,he
FN:2,(anonymous_58)
FN:2,ge
FN:2,(anonymous_60)
FN:2,ve
FN:2,(anonymous_62)
FN:2,(anonymous_63)
FN:2,ye
FN:2,(anonymous_65)
FN:2,(anonymous_66)
FN:2,(anonymous_67)
FN:2,(anonymous_68)
FN:2,(anonymous_69)
FN:2,(anonymous_70)
FN:2,(anonymous_71)
FN:2,(anonymous_72)
FN:2,(anonymous_73)
FN:2,(anonymous_74)
FN:2,(anonymous_75)
FN:2,(anonymous_76)
FN:2,(anonymous_77)
FN:2,(anonymous_78)
FN:2,(anonymous_79)
FN:2,(anonymous_80)
FN:2,(anonymous_81)
FN:2,(anonymous_82)
FN:2,(anonymous_83)
FN:2,(anonymous_84)
FN:2,(anonymous_85)
FN:2,(anonymous_86)
FN:2,(anonymous_87)
FN:2,(anonymous_88)
FN:2,(anonymous_89)
FN:2,(anonymous_90)
FN:2,(anonymous_91)
FN:2,(anonymous_92)
FN:2,(anonymous_93)
FN:2,(anonymous_94)
FN:2,(anonymous_95)
FN:2,(anonymous_96)
FN:2,(anonymous_97)
FN:2,(anonymous_98)
FN:2,(anonymous_99)
FN:2,(anonymous_100)
FN:2,(anonymous_101)
FN:2,(anonymous_102)
FN:2,(anonymous_103)
FN:2,(anonymous_104)
FN:2,(anonymous_105)
FN:2,(anonymous_106)
FN:2,(anonymous_107)
FN:2,(anonymous_108)
FN:2,(anonymous_109)
FN:2,(anonymous_110)
FN:2,(anonymous_111)
FN:2,(anonymous_112)
FN:2,(anonymous_113)
FN:2,(anonymous_114)
FN:2,(anonymous_115)
FN:2,(anonymous_116)
FN:2,(anonymous_117)
FN:2,(anonymous_118)
FN:2,(anonymous_119)
FN:2,(anonymous_120)
FN:2,(anonymous_121)
FN:2,(anonymous_122)
FN:2,(anonymous_123)
FN:2,(anonymous_124)
FN:2,(anonymous_125)
FN:2,(anonymous_126)
FN:2,(anonymous_127)
FN:2,(anonymous_128)
FN:2,(anonymous_129)
FN:2,(anonymous_130)
FN:2,(anonymous_131)
FN:2,(anonymous_132)
FN:2,(anonymous_133)
FN:2,(anonymous_134)
FN:2,(anonymous_135)
FN:2,(anonymous_136)
FN:2,(anonymous_137)
FN:2,me
FN:2,xe
FN:2,be
FN:2,(anonymous_141)
FN:2,(anonymous_142)
FN:2,we
FN:2,(anonymous_144)
FN:2,Te
FN:2,Ce
FN:2,(anonymous_147)
FN:2,(anonymous_148)
FN:2,Ee
FN:2,(anonymous_150)
FN:2,(anonymous_151)
FN:2,(anonymous_152)
FN:2,(anonymous_153)
FN:2,(anonymous_154)
FN:2,(anonymous_155)
FN:2,(anonymous_156)
FN:2,(anonymous_157)
FN:2,(anonymous_158)
FN:2,(anonymous_159)
FN:2,(anonymous_160)
FN:2,(anonymous_161)
FN:2,(anonymous_162)
FN:2,(anonymous_163)
FN:2,(anonymous_164)
FN:2,(anonymous_165)
FN:2,A
FN:2,j
FN:2,(anonymous_168)
FN:2,(anonymous_169)
FN:2,(anonymous_170)
FN:2,(anonymous_171)
FN:2,(anonymous_172)
FN:2,(anonymous_173)
FN:2,(anonymous_174)
FN:2,(anonymous_175)
FN:2,(anonymous_176)
FN:2,(anonymous_177)
FN:2,(anonymous_178)
FN:2,O
FN:2,(anonymous_180)
FN:2,(anonymous_181)
FN:2,(anonymous_182)
FN:2,(anonymous_183)
FN:2,(anonymous_184)
FN:2,(anonymous_185)
FN:2,(anonymous_186)
FN:2,(anonymous_187)
FN:2,(anonymous_188)
FN:2,(anonymous_189)
FN:2,(anonymous_190)
FN:2,(anonymous_191)
FN:2,(anonymous_192)
FN:2,(anonymous_193)
FN:2,(anonymous_194)
FN:2,(anonymous_195)
FN:2,(anonymous_196)
FN:2,(anonymous_197)
FN:2,(anonymous_198)
FN:2,(anonymous_199)
FN:2,R
FN:2,M
FN:2,I
FN:2,(anonymous_203)
FN:2,(anonymous_204)
FN:2,(anonymous_205)
FN:2,(anonymous_206)
FN:2,n
FN:2,(anonymous_208)
FN:2,(anonymous_209)
FN:2,(anonymous_210)
FN:2,(anonymous_211)
FN:2,(anonymous_212)
FN:2,(anonymous_213)
FN:2,(anonymous_214)
FN:2,(anonymous_215)
FN:2,(anonymous_216)
FN:2,(anonymous_217)
FN:2,(anonymous_218)
FN:2,(anonymous_219)
FN:2,(anonymous_220)
FN:2,(anonymous_221)
FN:2,(anonymous_222)
FN:2,(anonymous_223)
FN:2,(anonymous_224)
FN:2,(anonymous_225)
FN:2,(anonymous_226)
FN:2,(anonymous_227)
FN:2,(anonymous_228)
FN:2,l
FN:2,(anonymous_230)
FN:2,(anonymous_231)
FN:2,(anonymous_232)
FN:2,(anonymous_233)
FN:2,(anonymous_234)
FN:2,(anonymous_235)
FN:2,(anonymous_236)
FN:2,(anonymous_237)
FN:2,(anonymous_238)
FN:2,(anonymous_239)
FN:2,(anonymous_240)
FN:2,(anonymous_241)
FN:2,(anonymous_242)
FN:2,(anonymous_243)
FN:2,B
FN:2,(anonymous_245)
FN:2,(anonymous_246)
FN:2,(anonymous_247)
FN:2,(anonymous_248)
FN:2,(anonymous_249)
FN:2,U
FN:2,X
FN:2,(anonymous_252)
FN:2,G
FN:2,(anonymous_254)
FN:2,(anonymous_255)
FN:2,(anonymous_256)
FN:2,(anonymous_257)
FN:2,(anonymous_258)
FN:2,(anonymous_259)
FN:2,Z
FN:2,(anonymous_261)
FN:2,(anonymous_262)
FN:2,(anonymous_263)
FN:2,(anonymous_264)
FN:2,(anonymous_265)
FN:2,(anonymous_266)
FN:2,(anonymous_267)
FN:2,(anonymous_268)
FN:2,(anonymous_269)
FN:2,(anonymous_270)
FN:2,(anonymous_271)
FN:2,(anonymous_272)
FN:2,(anonymous_273)
FN:2,(anonymous_274)
FN:2,(anonymous_275)
FN:2,(anonymous_276)
FN:2,(anonymous_277)
FN:2,(anonymous_278)
FN:2,(anonymous_279)
FN:2,(anonymous_280)
FN:2,(anonymous_281)
FN:2,(anonymous_282)
FN:2,(anonymous_283)
FN:2,(anonymous_284)
FN:2,(anonymous_285)
FN:2,(anonymous_286)
FN:2,se
FN:2,(anonymous_288)
FN:2,(anonymous_289)
FN:2,le
FN:2,(anonymous_291)
FN:2,(anonymous_292)
FN:2,(anonymous_293)
FN:2,(anonymous_294)
FN:2,ve
FN:2,ye
FN:2,xe
FN:2,we
FN:2,Te
FN:2,Ce
FN:2,(anonymous_301)
FN:2,Ee
FN:2,(anonymous_303)
FN:2,(anonymous_304)
FN:2,Se
FN:2,(anonymous_306)
FN:2,(anonymous_307)
FN:2,(anonymous_308)
FN:2,(anonymous_309)
FN:2,(anonymous_310)
FN:2,(anonymous_311)
FN:2,(anonymous_312)
FN:2,(anonymous_313)
FN:2,(anonymous_314)
FN:2,(anonymous_315)
FN:2,(anonymous_316)
FN:2,(anonymous_317)
FN:2,(anonymous_318)
FN:2,(anonymous_319)
FN:2,(anonymous_320)
FN:2,(anonymous_321)
FN:2,(anonymous_322)
FN:2,(anonymous_323)
FN:2,(anonymous_324)
FN:2,(anonymous_325)
FN:2,(anonymous_326)
FN:2,(anonymous_327)
FN:2,(anonymous_328)
FN:2,(anonymous_329)
FN:2,(anonymous_330)
FN:2,(anonymous_331)
FN:2,(anonymous_332)
FN:2,(anonymous_333)
FN:2,(anonymous_334)
FN:2,(anonymous_335)
FN:2,je
FN:2,De
FN:2,qe
FN:2,Le
FN:2,He
FN:2,(anonymous_341)
FN:2,Oe
FN:2,(anonymous_343)
FN:2,(anonymous_344)
FN:2,(anonymous_345)
FN:2,(anonymous_346)
FN:2,(anonymous_347)
FN:2,(anonymous_348)
FN:2,(anonymous_349)
FN:2,(anonymous_350)
FN:2,(anonymous_351)
FN:2,(anonymous_352)
FN:2,(anonymous_353)
FN:2,(anonymous_354)
FN:2,(anonymous_355)
FN:2,(anonymous_356)
FN:2,(anonymous_357)
FN:2,(anonymous_358)
FN:2,(anonymous_359)
FN:2,(anonymous_360)
FN:2,(anonymous_361)
FN:2,(anonymous_362)
FN:2,(anonymous_363)
FN:2,(anonymous_364)
FN:2,(anonymous_365)
FN:2,(anonymous_366)
FN:2,(anonymous_367)
FN:2,(anonymous_368)
FN:2,(anonymous_369)
FN:2,We
FN:2,Fe
FN:2,(anonymous_372)
FN:2,(anonymous_373)
FN:2,e
FN:2,t
FN:2,(anonymous_376)
FN:2,(anonymous_377)
FN:2,(anonymous_378)
FN:2,(anonymous_379)
FN:2,(anonymous_380)
FN:2,(anonymous_381)
FN:2,ze
FN:2,(anonymous_383)
FN:2,Ye
FN:2,Qe
FN:2,Je
FN:2,Ke
FN:2,(anonymous_388)
FN:2,(anonymous_389)
FN:2,(anonymous_390)
FN:2,(anonymous_391)
FN:2,(anonymous_392)
FN:2,(anonymous_393)
FN:2,(anonymous_394)
FN:2,(anonymous_395)
FN:2,(anonymous_396)
FN:2,(anonymous_397)
FN:2,(anonymous_398)
FN:2,(anonymous_399)
FN:2,(anonymous_400)
FN:2,(anonymous_401)
FN:2,(anonymous_402)
FN:2,(anonymous_403)
FN:2,(anonymous_404)
FN:2,(anonymous_405)
FN:2,(anonymous_406)
FN:2,(anonymous_407)
FN:2,(anonymous_408)
FN:2,ot
FN:2,at
FN:2,(anonymous_411)
FN:2,st
FN:2,ut
FN:2,lt
FN:2,(anonymous_415)
FN:2,(anonymous_416)
FN:2,(anonymous_417)
FN:2,(anonymous_418)
FN:2,(anonymous_419)
FN:2,(anonymous_420)
FN:2,(anonymous_421)
FN:2,(anonymous_422)
FN:2,(anonymous_423)
FN:2,(anonymous_424)
FN:2,(anonymous_425)
FN:2,(anonymous_426)
FN:2,(anonymous_427)
FN:2,(anonymous_428)
FN:2,(anonymous_429)
FN:2,(anonymous_430)
FN:2,(anonymous_431)
FN:2,(anonymous_432)
FN:2,(anonymous_433)
FN:2,(anonymous_434)
FN:2,(anonymous_435)
FN:2,(anonymous_436)
FN:2,(anonymous_437)
FN:2,(anonymous_438)
FN:2,(anonymous_439)
FN:2,(anonymous_440)
FN:2,(anonymous_441)
FN:2,(anonymous_442)
FN:2,(anonymous_443)
FN:2,(anonymous_444)
FN:2,(anonymous_445)
FN:2,(anonymous_446)
FN:2,(anonymous_447)
FN:2,(anonymous_448)
FN:2,(anonymous_449)
FN:2,(anonymous_450)
FN:2,(anonymous_451)
FN:2,(anonymous_452)
FN:2,(anonymous_453)
FN:2,(anonymous_454)
FN:2,(anonymous_455)
FN:2,(anonymous_456)
FN:2,(anonymous_457)
FN:2,(anonymous_458)
FN:2,(anonymous_459)
FN:2,ht
FN:2,gt
FN:2,vt
FN:2,(anonymous_463)
FN:2,(anonymous_464)
FN:2,(anonymous_465)
FN:2,(anonymous_466)
FN:2,(anonymous_467)
FN:2,(anonymous_468)
FN:2,(anonymous_469)
FN:2,(anonymous_470)
FN:2,(anonymous_471)
FN:2,(anonymous_472)
FN:2,(anonymous_473)
FN:2,(anonymous_474)
FN:2,(anonymous_475)
FN:2,(anonymous_476)
FN:2,(anonymous_477)
FN:2,(anonymous_478)
FN:2,(anonymous_479)
FN:2,(anonymous_480)
FN:2,(anonymous_481)
FN:2,(anonymous_482)
FN:2,(anonymous_483)
FN:2,(anonymous_484)
FN:2,(anonymous_485)
FN:2,(anonymous_486)
FN:2,(anonymous_487)
FN:2,(anonymous_488)
FN:2,(anonymous_489)
FN:2,(anonymous_490)
FN:2,(anonymous_491)
FN:2,(anonymous_492)
FN:2,(anonymous_493)
FN:2,(anonymous_494)
FN:2,(anonymous_495)
FN:2,(anonymous_496)
FN:2,(anonymous_497)
FN:2,(anonymous_498)
FN:2,(anonymous_499)
FN:2,At
FN:2,(anonymous_501)
FN:2,(anonymous_502)
FN:2,(anonymous_503)
FN:2,(anonymous_504)
FN:2,(anonymous_505)
FN:2,(anonymous_506)
FN:2,(anonymous_507)
FN:2,(anonymous_508)
FN:2,(anonymous_509)
FN:2,(anonymous_510)
FN:2,It
FN:2,(anonymous_512)
FN:2,Wt
FN:2,l
FN:2,(anonymous_515)
FN:2,Ft
FN:2,(anonymous_517)
FN:2,(anonymous_518)
FN:2,(anonymous_519)
FN:2,(anonymous_520)
FN:2,(anonymous_521)
FN:2,(anonymous_522)
FN:2,(anonymous_523)
FN:2,(anonymous_524)
FN:2,(anonymous_525)
FN:2,l
FN:2,(anonymous_527)
FN:2,(anonymous_528)
FN:2,(anonymous_529)
FN:2,(anonymous_530)
FN:2,(anonymous_531)
FN:2,(anonymous_532)
FN:2,(anonymous_533)
FN:2,(anonymous_534)
FN:2,(anonymous_535)
FN:2,(anonymous_536)
FN:2,(anonymous_537)
FN:2,(anonymous_538)
FN:2,(anonymous_539)
FN:2,(anonymous_540)
FN:2,(anonymous_541)
FN:2,(anonymous_542)
FN:2,(anonymous_543)
FN:2,(anonymous_544)
FN:2,(anonymous_545)
FN:2,(anonymous_546)
FN:2,(anonymous_547)
FN:2,(anonymous_548)
FN:2,(anonymous_549)
FN:2,(anonymous_550)
FN:2,(anonymous_551)
FN:2,(anonymous_552)
FN:2,(anonymous_553)
FN:2,(anonymous_554)
FN:2,(anonymous_555)
FN:2,(anonymous_556)
FN:2,(anonymous_557)
FN:2,(anonymous_558)
FN:2,(anonymous_559)
FN:2,(anonymous_560)
FN:2,(anonymous_561)
FN:2,(anonymous_562)
FN:2,(anonymous_563)
FN:2,(anonymous_564)
FN:2,(anonymous_565)
FN:2,(anonymous_566)
FN:2,(anonymous_567)
FN:2,(anonymous_568)
FN:2,(anonymous_569)
FN:2,(anonymous_570)
FN:2,(anonymous_571)
FN:2,(anonymous_572)
FN:2,(anonymous_573)
FN:2,(anonymous_574)
FN:2,(anonymous_575)
FN:2,(anonymous_576)
FN:2,(anonymous_577)
FN:2,(anonymous_578)
FN:2,(anonymous_579)
FN:2,(anonymous_580)
FN:2,(anonymous_581)
FN:2,(anonymous_582)
FN:2,(anonymous_583)
FN:2,(anonymous_584)
FN:2,(anonymous_585)
FN:2,(anonymous_586)
FN:2,(anonymous_587)
FN:2,(anonymous_588)
FN:2,(anonymous_589)
FN:2,(anonymous_590)
FN:2,(anonymous_591)
FN:2,(anonymous_592)
FN:2,(anonymous_593)
FN:2,(anonymous_594)
FN:2,(anonymous_595)
FN:2,(anonymous_596)
FN:2,(anonymous_597)
FN:2,(anonymous_598)
FN:2,(anonymous_599)
FN:2,(anonymous_600)
FN:2,(anonymous_601)
FN:2,(anonymous_602)
FN:2,(anonymous_603)
FN:2,(anonymous_604)
FN:2,(anonymous_605)
FN:2,(anonymous_606)
FNF:607
FNH:0
FNDA:0,(anonymous_0)
FNDA:0,(anonymous_1)
FNDA:0,(anonymous_2)
FNDA:0,(anonymous_3)
FNDA:0,(anonymous_4)
FNDA:0,(anonymous_5)
FNDA:0,(anonymous_6)
FNDA:0,b
FNDA:0,w
FNDA:0,(anonymous_9)
FNDA:0,p
FNDA:0,(anonymous_11)
FNDA:0,(anonymous_12)
FNDA:0,(anonymous_13)
FNDA:0,(anonymous_14)
FNDA:0,(anonymous_15)
FNDA:0,(anonymous_16)
FNDA:0,(anonymous_17)
FNDA:0,(anonymous_18)
FNDA:0,(anonymous_19)
FNDA:0,(anonymous_20)
FNDA:0,(anonymous_21)
FNDA:0,(anonymous_22)
FNDA:0,(anonymous_23)
FNDA:0,(anonymous_24)
FNDA:0,(anonymous_25)
FNDA:0,(anonymous_26)
FNDA:0,(anonymous_27)
FNDA:0,(anonymous_28)
FNDA:0,(anonymous_29)
FNDA:0,(anonymous_30)
FNDA:0,(anonymous_31)
FNDA:0,(anonymous_32)
FNDA:0,(anonymous_33)
FNDA:0,(anonymous_34)
FNDA:0,(anonymous_35)
FNDA:0,(anonymous_36)
FNDA:0,(anonymous_37)
FNDA:0,(anonymous_38)
FNDA:0,(anonymous_39)
FNDA:0,(anonymous_40)
FNDA:0,(anonymous_41)
FNDA:0,(anonymous_42)
FNDA:0,(anonymous_43)
FNDA:0,(anonymous_44)
FNDA:0,(anonymous_45)
FNDA:0,(anonymous_46)
FNDA:0,(anonymous_47)
FNDA:0,se
FNDA:0,ue
FNDA:0,e
FNDA:0,le
FNDA:0,ce
FNDA:0,fe
FNDA:0,pe
FNDA:0,de
FNDA:0,(anonymous_56)
FNDA:0,he
FNDA:0,(anonymous_58)
FNDA:0,ge
FNDA:0,(anonymous_60)
FNDA:0,ve
FNDA:0,(anonymous_62)
FNDA:0,(anonymous_63)
FNDA:0,ye
FNDA:0,(anonymous_65)
FNDA:0,(anonymous_66)
FNDA:0,(anonymous_67)
FNDA:0,(anonymous_68)
FNDA:0,(anonymous_69)
FNDA:0,(anonymous_70)
FNDA:0,(anonymous_71)
FNDA:0,(anonymous_72)
FNDA:0,(anonymous_73)
FNDA:0,(anonymous_74)
FNDA:0,(anonymous_75)
FNDA:0,(anonymous_76)
FNDA:0,(anonymous_77)
FNDA:0,(anonymous_78)
FNDA:0,(anonymous_79)
FNDA:0,(anonymous_80)
FNDA:0,(anonymous_81)
FNDA:0,(anonymous_82)
FNDA:0,(anonymous_83)
FNDA:0,(anonymous_84)
FNDA:0,(anonymous_85)
FNDA:0,(anonymous_86)
FNDA:0,(anonymous_87)
FNDA:0,(anonymous_88)
FNDA:0,(anonymous_89)
FNDA:0,(anonymous_90)
FNDA:0,(anonymous_91)
FNDA:0,(anonymous_92)
FNDA:0,(anonymous_93)
FNDA:0,(anonymous_94)
FNDA:0,(anonymous_95)
FNDA:0,(anonymous_96)
FNDA:0,(anonymous_97)
FNDA:0,(anonymous_98)
FNDA:0,(anonymous_99)
FNDA:0,(anonymous_100)
FNDA:0,(anonymous_101)
FNDA:0,(anonymous_102)
FNDA:0,(anonymous_103)
FNDA:0,(anonymous_104)
FNDA:0,(anonymous_105)
FNDA:0,(anonymous_106)
FNDA:0,(anonymous_107)
FNDA:0,(anonymous_108)
FNDA:0,(anonymous_109)
FNDA:0,(anonymous_110)
FNDA:0,(anonymous_111)
FNDA:0,(anonymous_112)
FNDA:0,(anonymous_113)
FNDA:0,(anonymous_114)
FNDA:0,(anonymous_115)
FNDA:0,(anonymous_116)
FNDA:0,(anonymous_117)
FNDA:0,(anonymous_118)
FNDA:0,(anonymous_119)
FNDA:0,(anonymous_120)
FNDA:0,(anonymous_121)
FNDA:0,(anonymous_122)
FNDA:0,(anonymous_123)
FNDA:0,(anonymous_124)
FNDA:0,(anonymous_125)
FNDA:0,(anonymous_126)
FNDA:0,(anonymous_127)
FNDA:0,(anonymous_128)
FNDA:0,(anonymous_129)
FNDA:0,(anonymous_130)
FNDA:0,(anonymous_131)
FNDA:0,(anonymous_132)
FNDA:0,(anonymous_133)
FNDA:0,(anonymous_134)
FNDA:0,(anonymous_135)
FNDA:0,(anonymous_136)
FNDA:0,(anonymous_137)
FNDA:0,me
FNDA:0,xe
FNDA:0,be
FNDA:0,(anonymous_141)
FNDA:0,(anonymous_142)
FNDA:0,we
FNDA:0,(anonymous_144)
FNDA:0,Te
FNDA:0,Ce
FNDA:0,(anonymous_147)
FNDA:0,(anonymous_148)
FNDA:0,Ee
FNDA:0,(anonymous_150)
FNDA:0,(anonymous_151)
FNDA:0,(anonymous_152)
FNDA:0,(anonymous_153)
FNDA:0,(anonymous_154)
FNDA:0,(anonymous_155)
FNDA:0,(anonymous_156)
FNDA:0,(anonymous_157)
FNDA:0,(anonymous_158)
FNDA:0,(anonymous_159)
FNDA:0,(anonymous_160)
FNDA:0,(anonymous_161)
FNDA:0,(anonymous_162)
FNDA:0,(anonymous_163)
FNDA:0,(anonymous_164)
FNDA:0,(anonymous_165)
FNDA:0,A
FNDA:0,j
FNDA:0,(anonymous_168)
FNDA:0,(anonymous_169)
FNDA:0,(anonymous_170)
FNDA:0,(anonymous_171)
FNDA:0,(anonymous_172)
FNDA:0,(anonymous_173)
FNDA:0,(anonymous_174)
FNDA:0,(anonymous_175)
FNDA:0,(anonymous_176)
FNDA:0,(anonymous_177)
FNDA:0,(anonymous_178)
FNDA:0,O
FNDA:0,(anonymous_180)
FNDA:0,(anonymous_181)
FNDA:0,(anonymous_182)
FNDA:0,(anonymous_183)
FNDA:0,(anonymous_184)
FNDA:0,(anonymous_185)
FNDA:0,(anonymous_186)
FNDA:0,(anonymous_187)
FNDA:0,(anonymous_188)
FNDA:0,(anonymous_189)
FNDA:0,(anonymous_190)
FNDA:0,(anonymous_191)
FNDA:0,(anonymous_192)
FNDA:0,(anonymous_193)
FNDA:0,(anonymous_194)
FNDA:0,(anonymous_195)
FNDA:0,(anonymous_196)
FNDA:0,(anonymous_197)
FNDA:0,(anonymous_198)
FNDA:0,(anonymous_199)
FNDA:0,R
FNDA:0,M
FNDA:0,I
FNDA:0,(anonymous_203)
FNDA:0,(anonymous_204)
FNDA:0,(anonymous_205)
FNDA:0,(anonymous_206)
FNDA:0,n
FNDA:0,(anonymous_208)
FNDA:0,(anonymous_209)
FNDA:0,(anonymous_210)
FNDA:0,(anonymous_211)
FNDA:0,(anonymous_212)
FNDA:0,(anonymous_213)
FNDA:0,(anonymous_214)
FNDA:0,(anonymous_215)
FNDA:0,(anonymous_216)
FNDA:0,(anonymous_217)
FNDA:0,(anonymous_218)
FNDA:0,(anonymous_219)
FNDA:0,(anonymous_220)
FNDA:0,(anonymous_221)
FNDA:0,(anonymous_222)
FNDA:0,(anonymous_223)
FNDA:0,(anonymous_224)
FNDA:0,(anonymous_225)
FNDA:0,(anonymous_226)
FNDA:0,(anonymous_227)
FNDA:0,(anonymous_228)
FNDA:0,l
FNDA:0,(anonymous_230)
FNDA:0,(anonymous_231)
FNDA:0,(anonymous_232)
FNDA:0,(anonymous_233)
FNDA:0,(anonymous_234)
FNDA:0,(anonymous_235)
FNDA:0,(anonymous_236)
FNDA:0,(anonymous_237)
FNDA:0,(anonymous_238)
FNDA:0,(anonymous_239)
FNDA:0,(anonymous_240)
FNDA:0,(anonymous_241)
FNDA:0,(anonymous_242)
FNDA:0,(anonymous_243)
FNDA:0,B
FNDA:0,(anonymous_245)
FNDA:0,(anonymous_246)
FNDA:0,(anonymous_247)
FNDA:0,(anonymous_248)
FNDA:0,(anonymous_249)
FNDA:0,U
FNDA:0,X
FNDA:0,(anonymous_252)
FNDA:0,G
FNDA:0,(anonymous_254)
FNDA:0,(anonymous_255)
FNDA:0,(anonymous_256)
FNDA:0,(anonymous_257)
FNDA:0,(anonymous_258)
FNDA:0,(anonymous_259)
FNDA:0,Z
FNDA:0,(anonymous_261)
FNDA:0,(anonymous_262)
FNDA:0,(anonymous_263)
FNDA:0,(anonymous_264)
FNDA:0,(anonymous_265)
FNDA:0,(anonymous_266)
FNDA:0,(anonymous_267)
FNDA:0,(anonymous_268)
FNDA:0,(anonymous_269)
FNDA:0,(anonymous_270)
FNDA:0,(anonymous_271)
FNDA:0,(anonymous_272)
FNDA:0,(anonymous_273)
FNDA:0,(anonymous_274)
FNDA:0,(anonymous_275)
FNDA:0,(anonymous_276)
FNDA:0,(anonymous_277)
FNDA:0,(anonymous_278)
FNDA:0,(anonymous_279)
FNDA:0,(anonymous_280)
FNDA:0,(anonymous_281)
FNDA:0,(anonymous_282)
FNDA:0,(anonymous_283)
FNDA:0,(anonymous_284)
FNDA:0,(anonymous_285)
FNDA:0,(anonymous_286)
FNDA:0,se
FNDA:0,(anonymous_288)
FNDA:0,(anonymous_289)
FNDA:0,le
FNDA:0,(anonymous_291)
FNDA:0,(anonymous_292)
FNDA:0,(anonymous_293)
FNDA:0,(anonymous_294)
FNDA:0,ve
FNDA:0,ye
FNDA:0,xe
FNDA:0,we
FNDA:0,Te
FNDA:0,Ce
FNDA:0,(anonymous_301)
FNDA:0,Ee
FNDA:0,(anonymous_303)
FNDA:0,(anonymous_304)
FNDA:0,Se
FNDA:0,(anonymous_306)
FNDA:0,(anonymous_307)
FNDA:0,(anonymous_308)
FNDA:0,(anonymous_309)
FNDA:0,(anonymous_310)
FNDA:0,(anonymous_311)
FNDA:0,(anonymous_312)
FNDA:0,(anonymous_313)
FNDA:0,(anonymous_314)
FNDA:0,(anonymous_315)
FNDA:0,(anonymous_316)
FNDA:0,(anonymous_317)
FNDA:0,(anonymous_318)
FNDA:0,(anonymous_319)
FNDA:0,(anonymous_320)
FNDA:0,(anonymous_321)
FNDA:0,(anonymous_322)
FNDA:0,(anonymous_323)
FNDA:0,(anonymous_324)
FNDA:0,(anonymous_325)
FNDA:0,(anonymous_326)
FNDA:0,(anonymous_327)
FNDA:0,(anonymous_328)
FNDA:0,(anonymous_329)
FNDA:0,(anonymous_330)
FNDA:0,(anonymous_331)
FNDA:0,(anonymous_332)
FNDA:0,(anonymous_333)
FNDA:0,(anonymous_334)
FNDA:0,(anonymous_335)
FNDA:0,je
FNDA:0,De
FNDA:0,qe
FNDA:0,Le
FNDA:0,He
FNDA:0,(anonymous_341)
FNDA:0,Oe
FNDA:0,(anonymous_343)
FNDA:0,(anonymous_344)
FNDA:0,(anonymous_345)
FNDA:0,(anonymous_346)
FNDA:0,(anonymous_347)
FNDA:0,(anonymous_348)
FNDA:0,(anonymous_349)
FNDA:0,(anonymous_350)
FNDA:0,(anonymous_351)
FNDA:0,(anonymous_352)
FNDA:0,(anonymous_353)
FNDA:0,(anonymous_354)
FNDA:0,(anonymous_355)
FNDA:0,(anonymous_356)
FNDA:0,(anonymous_357)
FNDA:0,(anonymous_358)
FNDA:0,(anonymous_359)
FNDA:0,(anonymous_360)
FNDA:0,(anonymous_361)
FNDA:0,(anonymous_362)
FNDA:0,(anonymous_363)
FNDA:0,(anonymous_364)
FNDA:0,(anonymous_365)
FNDA:0,(anonymous_366)
FNDA:0,(anonymous_367)
FNDA:0,(anonymous_368)
FNDA:0,(anonymous_369)
FNDA:0,We
FNDA:0,Fe
FNDA:0,(anonymous_372)
FNDA:0,(anonymous_373)
FNDA:0,e
FNDA:0,t
FNDA:0,(anonymous_376)
FNDA:0,(anonymous_377)
FNDA:0,(anonymous_378)
FNDA:0,(anonymous_379)
FNDA:0,(anonymous_380)
FNDA:0,(anonymous_381)
FNDA:0,ze
FNDA:0,(anonymous_383)
FNDA:0,Ye
FNDA:0,Qe
FNDA:0,Je
FNDA:0,Ke
FNDA:0,(anonymous_388)
FNDA:0,(anonymous_389)
FNDA:0,(anonymous_390)
FNDA:0,(anonymous_391)
FNDA:0,(anonymous_392)
FNDA:0,(anonymous_393)
FNDA:0,(anonymous_394)
FNDA:0,(anonymous_395)
FNDA:0,(anonymous_396)
FNDA:0,(anonymous_397)
FNDA:0,(anonymous_398)
FNDA:0,(anonymous_399)
FNDA:0,(anonymous_400)
FNDA:0,(anonymous_401)
FNDA:0,(anonymous_402)
FNDA:0,(anonymous_403)
FNDA:0,(anonymous_404)
FNDA:0,(anonymous_405)
FNDA:0,(anonymous_406)
FNDA:0,(anonymous_407)
FNDA:0,(anonymous_408)
FNDA:0,ot
FNDA:0,at
FNDA:0,(anonymous_411)
FNDA:0,st
FNDA:0,ut
FNDA:0,lt
FNDA:0,(anonymous_415)
FNDA:0,(anonymous_416)
FNDA:0,(anonymous_417)
FNDA:0,(anonymous_418)
FNDA:0,(anonymous_419)
FNDA:0,(anonymous_420)
FNDA:0,(anonymous_421)
FNDA:0,(anonymous_422)
FNDA:0,(anonymous_423)
FNDA:0,(anonymous_424)
FNDA:0,(anonymous_425)
FNDA:0,(anonymous_426)
FNDA:0,(anonymous_427)
FNDA:0,(anonymous_428)
FNDA:0,(anonymous_429)
FNDA:0,(anonymous_430)
FNDA:0,(anonymous_431)
FNDA:0,(anonymous_432)
FNDA:0,(anonymous_433)
FNDA:0,(anonymous_434)
FNDA:0,(anonymous_435)
FNDA:0,(anonymous_436)
FNDA:0,(anonymous_437)
FNDA:0,(anonymous_438)
FNDA:0,(anonymous_439)
FNDA:0,(anonymous_440)
FNDA:0,(anonymous_441)
FNDA:0,(anonymous_442)
FNDA:0,(anonymous_443)
FNDA:0,(anonymous_444)
FNDA:0,(anonymous_445)
FNDA:0,(anonymous_446)
FNDA:0,(anonymous_447)
FNDA:0,(anonymous_448)
FNDA:0,(anonymous_449)
FNDA:0,(anonymous_450)
FNDA:0,(anonymous_451)
FNDA:0,(anonymous_452)
FNDA:0,(anonymous_453)
FNDA:0,(anonymous_454)
FNDA:0,(anonymous_455)
FNDA:0,(anonymous_456)
FNDA:0,(anonymous_457)
FNDA:0,(anonymous_458)
FNDA:0,(anonymous_459)
FNDA:0,ht
FNDA:0,gt
FNDA:0,vt
FNDA:0,(anonymous_463)
FNDA:0,(anonymous_464)
FNDA:0,(anonymous_465)
FNDA:0,(anonymous_466)
FNDA:0,(anonymous_467)
FNDA:0,(anonymous_468)
FNDA:0,(anonymous_469)
FNDA:0,(anonymous_470)
FNDA:0,(anonymous_471)
FNDA:0,(anonymous_472)
FNDA:0,(anonymous_473)
FNDA:0,(anonymous_474)
FNDA:0,(anonymous_475)
FNDA:0,(anonymous_476)
FNDA:0,(anonymous_477)
FNDA:0,(anonymous_478)
FNDA:0,(anonymous_479)
FNDA:0,(anonymous_480)
FNDA:0,(anonymous_481)
FNDA:0,(anonymous_482)
FNDA:0,(anonymous_483)
FNDA:0,(anonymous_484)
FNDA:0,(anonymous_485)
FNDA:0,(anonymous_486)
FNDA:0,(anonymous_487)
FNDA:0,(anonymous_488)
FNDA:0,(anonymous_489)
FNDA:0,(anonymous_490)
FNDA:0,(anonymous_491)
FNDA:0,(anonymous_492)
FNDA:0,(anonymous_493)
FNDA:0,(anonymous_494)
FNDA:0,(anonymous_495)
FNDA:0,(anonymous_496)
FNDA:0,(anonymous_497)
FNDA:0,(anonymous_498)
FNDA:0,(anonymous_499)
FNDA:0,At
FNDA:0,(anonymous_501)
FNDA:0,(anonymous_502)
FNDA:0,(anonymous_503)
FNDA:0,(anonymous_504)
FNDA:0,(anonymous_505)
FNDA:0,(anonymous_506)
FNDA:0,(anonymous_507)
FNDA:0,(anonymous_508)
FNDA:0,(anonymous_509)
FNDA:0,(anonymous_510)
FNDA:0,It
FNDA:0,(anonymous_512)
FNDA:0,Wt
FNDA:0,l
FNDA:0,(anonymous_515)
FNDA:0,Ft
FNDA:0,(anonymous_517)
FNDA:0,(anonymous_518)
FNDA:0,(anonymous_519)
FNDA:0,(anonymous_520)
FNDA:0,(anonymous_521)
FNDA:0,(anonymous_522)
FNDA:0,(anonymous_523)
FNDA:0,(anonymous_524)
FNDA:0,(anonymous_525)
FNDA:0,l
FNDA:0,(anonymous_527)
FNDA:0,(anonymous_528)
FNDA:0,(anonymous_529)
FNDA:0,(anonymous_530)
FNDA:0,(anonymous_531)
FNDA:0,(anonymous_532)
FNDA:0,(anonymous_533)
FNDA:0,(anonymous_534)
FNDA:0,(anonymous_535)
FNDA:0,(anonymous_536)
FNDA:0,(anonymous_537)
FNDA:0,(anonymous_538)
FNDA:0,(anonymous_539)
FNDA:0,(anonymous_540)
FNDA:0,(anonymous_541)
FNDA:0,(anonymous_542)
FNDA:0,(anonymous_543)
FNDA:0,(anonymous_544)
FNDA:0,(anonymous_545)
FNDA:0,(anonymous_546)
FNDA:0,(anonymous_547)
FNDA:0,(anonymous_548)
FNDA:0,(anonymous_549)
FNDA:0,(anonymous_550)
FNDA:0,(anonymous_551)
FNDA:0,(anonymous_552)
FNDA:0,(anonymous_553)
FNDA:0,(anonymous_554)
FNDA:0,(anonymous_555)
FNDA:0,(anonymous_556)
FNDA:0,(anonymous_557)
FNDA:0,(anonymous_558)
FNDA:0,(anonymous_559)
FNDA:0,(anonymous_560)
FNDA:0,(anonymous_561)
FNDA:0,(anonymous_562)
FNDA:0,(anonymous_563)
FNDA:0,(anonymous_564)
FNDA:0,(anonymous_565)
FNDA:0,(anonymous_566)
FNDA:0,(anonymous_567)
FNDA:0,(anonymous_568)
FNDA:0,(anonymous_569)
FNDA:0,(anonymous_570)
FNDA:0,(anonymous_571)
FNDA:0,(anonymous_572)
FNDA:0,(anonymous_573)
FNDA:0,(anonymous_574)
FNDA:0,(anonymous_575)
FNDA:0,(anonymous_576)
FNDA:0,(anonymous_577)
FNDA:0,(anonymous_578)
FNDA:0,(anonymous_579)
FNDA:0,(anonymous_580)
FNDA:0,(anonymous_581)
FNDA:0,(anonymous_582)
FNDA:0,(anonymous_583)
FNDA:0,(anonymous_584)
FNDA:0,(anonymous_585)
FNDA:0,(anonymous_586)
FNDA:0,(anonymous_587)
FNDA:0,(anonymous_588)
FNDA:0,(anonymous_589)
FNDA:0,(anonymous_590)
FNDA:0,(anonymous_591)
FNDA:0,(anonymous_592)
FNDA:0,(anonymous_593)
FNDA:0,(anonymous_594)
FNDA:0,(anonymous_595)
FNDA:0,(anonymous_596)
FNDA:0,(anonymous_597)
FNDA:0,(anonymous_598)
FNDA:0,(anonymous_599)
FNDA:0,(anonymous_600)
FNDA:0,(anonymous_601)
FNDA:0,(anonymous_602)
FNDA:0,(anonymous_603)
FNDA:0,(anonymous_604)
FNDA:0,(anonymous_605)
FNDA:0,(anonymous_606)
DA:2,0
LF:1
LH:0
BRDA:2,0,0,0
BRDA:2,0,1,0
BRDA:2,1,0,0
BRDA:2,1,1,0
BRDA:2,2,0,0
BRDA:2,2,1,0
BRDA:2,3,0,0
BRDA:2,3,1,0
BRDA:2,4,0,0
BRDA:2,4,1,0
BRDA:2,5,0,0
BRDA:2,5,1,0
BRDA:2,6,0,0
BRDA:2,6,1,0
BRDA:2,6,2,0
BRDA:2,7,0,0
BRDA:2,7,1,0
BRDA:2,8,0,0
BRDA:2,8,1,0
BRDA:2,9,0,0
BRDA:2,9,1,0
BRDA:2,10,0,0
BRDA:2,10,1,0
BRDA:2,11,0,0
BRDA:2,11,1,0
BRDA:2,11,2,0
BRDA:2,12,0,0
BRDA:2,12,1,0
BRDA:2,13,0,0
BRDA:2,13,1,0
BRDA:2,14,0,0
BRDA:2,14,1,0
BRDA:2,15,0,0
BRDA:2,15,1,0
BRDA:2,16,0,0
BRDA:2,16,1,0
BRDA:2,16,2,0
BRDA:2,17,0,0
BRDA:2,17,1,0
BRDA:2,17,2,0
BRDA:2,17,3,0
BRDA:2,17,4,0
BRDA:2,17,5,0
BRDA:2,17,6,0
BRDA:2,18,0,0
BRDA:2,18,1,0
BRDA:2,19,0,0
BRDA:2,19,1,0
BRDA:2,20,0,0
BRDA:2,20,1,0
BRDA:2,21,0,0
BRDA:2,21,1,0
BRDA:2,22,0,0
BRDA:2,22,1,0
BRDA:2,23,0,0
BRDA:2,23,1,0
BRDA:2,24,0,0
BRDA:2,24,1,0
BRDA:2,25,0,0
BRDA:2,25,1,0
BRDA:2,26,0,0
BRDA:2,26,1,0
BRDA:2,27,0,0
[...]
DA:14,0
DA:15,0
DA:16,0
DA:17,0
DA:18,0
DA:19,0
DA:20,0
DA:21,0
DA:22,0
DA:23,0
DA:25,0
DA:26,0
DA:27,0
DA:28,0
DA:29,0
DA:30,0
DA:31,0
DA:32,0
DA:37,0
DA:38,0
DA:46,0
DA:47,0
DA:55,0
DA:56,0
DA:59,0
LF:25
LH:0
BRF:0
BRH:0
end_of_record
TN:
SF:routes/payment.js
FN:23,convertBigIntToNumber
FN:55,(anonymous_1)
FN:84,(anonymous_2)
FN:85,(anonymous_3)
FN:113,(anonymous_4)
FN:183,(anonymous_5)
FNF:6
FNH:0
FNDA:0,convertBigIntToNumber
FNDA:0,(anonymous_1)
FNDA:0,(anonymous_2)
FNDA:0,(anonymous_3)
FNDA:0,(anonymous_4)
FNDA:0,(anonymous_5)
DA:6,0
DA:7,0
DA:8,0
DA:14,0
DA:15,0
DA:16,0
DA:17,0
DA:18,0
DA:24,0
DA:25,0
DA:28,0
DA:29,0
DA:32,0
DA:33,0
DA:36,0
DA:37,0
DA:38,0
DA:39,0
DA:41,0
DA:44,0
DA:51,0
DA:56,0
DA:58,0
DA:60,0
DA:61,0
DA:62,0
DA:69,0
DA:70,0
DA:71,0
DA:73,0
DA:74,0
DA:75,0
DA:83,0
DA:84,0
DA:86,0
DA:96,0
DA:98,0
DA:110,0
DA:114,0
DA:115,0
DA:118,0
DA:119,0
DA:122,0
DA:123,0
DA:126,0
DA:129,0
DA:139,0
DA:140,0
DA:144,0
DA:145,0
DA:148,0
DA:149,0
DA:151,0
DA:152,0
DA:154,0
DA:155,0
DA:156,0
DA:163,0
DA:172,0
DA:173,0
DA:175,0
DA:182,0
DA:183,0
DA:184,0
DA:187,0
DA:192,0
LF:66
LH:0
BRDA:24,0,0,0
BRDA:24,0,1,0
BRDA:24,1,0,0
BRDA:24,1,1,0
BRDA:28,2,0,0
BRDA:28,2,1,0
BRDA:32,3,0,0
BRDA:32,3,1,0
BRDA:36,4,0,0
BRDA:36,4,1,0
BRDA:60,5,0,0
BRDA:60,5,1,0
BRDA:73,6,0,0
BRDA:73,6,1,0
BRDA:73,7,0,0
BRDA:73,7,1,0
BRDA:73,7,2,0
BRDA:88,8,0,0
BRDA:88,8,1,0
BRDA:89,9,0,0
BRDA:89,9,1,0
BRDA:114,10,0,0
BRDA:118,11,0,0
BRDA:118,11,1,0
BRDA:118,12,0,0
BRDA:118,12,1,0
BRDA:122,13,0,0
BRDA:122,13,1,0
BRDA:139,14,0,0
BRDA:139,14,1,0
BRDA:144,15,0,0
BRDA:144,15,1,0
BRDA:167,16,0,0
BRDA:167,16,1,0
BRDA:168,17,0,0
BRDA:168,17,1,0
BRDA:182,18,0,0
BRDA:182,18,1,0
BRDA:182,19,0,0
BRDA:182,19,1,0
BRDA:183,20,0,0
BRDA:183,20,1,0
BRDA:184,21,0,0
BRDA:184,21,1,0
BRF:44
BRH:0
end_of_record
TN:
SF:routes/services.js
FN:31,(anonymous_0)
FN:75,(anonymous_1)
FN:83,(anonymous_2)
FN:92,(anonymous_3)
FN:100,(anonymous_4)
FN:103,(anonymous_5)
FN:107,(anonymous_6)
FN:117,(anonymous_7)
FN:120,(anonymous_8)
FN:126,(anonymous_9)
FN:143,(anonymous_10)
FN:154,(anonymous_11)
FN:156,(anonymous_12)
FN:158,(anonymous_13)
FN:169,(anonymous_14)
FN:170,(anonymous_15)
FN:177,(anonymous_16)
FN:178,(anonymous_17)
FN:188,(anonymous_18)
FN:193,(anonymous_19)
FN:237,(anonymous_20)
FN:265,(anonymous_21)
FN:274,(anonymous_22)
FN:323,(anonymous_23)
FN:341,(anonymous_24)
FN:342,(anonymous_25)
FN:346,(anonymous_26)
FN:356,(anonymous_27)
FN:359,(anonymous_28)
FN:365,(anonymous_29)
FN:373,(anonymous_30)
FN:374,(anonymous_31)
FN:411,(anonymous_32)
FNF:33
FNH:0
FNDA:0,(anonymous_0)
FNDA:0,(anonymous_1)
FNDA:0,(anonymous_2)
FNDA:0,(anonymous_3)
FNDA:0,(anonymous_4)
FNDA:0,(anonymous_5)
FNDA:0,(anonymous_6)
FNDA:0,(anonymous_7)
FNDA:0,(anonymous_8)
FNDA:0,(anonymous_9)
FNDA:0,(anonymous_10)
FNDA:0,(anonymous_11)
FNDA:0,(anonymous_12)
FNDA:0,(anonymous_13)
FNDA:0,(anonymous_14)
FNDA:0,(anonymous_15)
FNDA:0,(anonymous_16)
FNDA:0,(anonymous_17)
FNDA:0,(anonymous_18)
FNDA:0,(anonymous_19)
FNDA:0,(anonymous_20)
FNDA:0,(anonymous_21)
FNDA:0,(anonymous_22)
FNDA:0,(anonymous_23)
FNDA:0,(anonymous_24)
FNDA:0,(anonymous_25)
FNDA:0,(anonymous_26)
FNDA:0,(anonymous_27)
FNDA:0,(anonymous_28)
FNDA:0,(anonymous_29)
FNDA:0,(anonymous_30)
FNDA:0,(anonymous_31)
FNDA:0,(anonymous_32)
DA:14,0
DA:15,0
DA:16,0
DA:18,0
DA:22,0
DA:24,0
DA:31,0
DA:32,0
DA:33,0
DA:34,0
DA:37,0
DA:38,0
DA:39,0
DA:40,0
DA:41,0
DA:45,0
DA:46,0
DA:47,0
DA:57,0
DA:60,0
DA:62,0
DA:63,0
DA:64,0
DA:75,0
DA:76,0
DA:77,0
DA:79,0
DA:80,0
DA:83,0
DA:84,0
DA:89,0
DA:91,0
DA:92,0
DA:93,0
DA:95,0
DA:96,0
DA:98,0
DA:100,0
DA:103,0
DA:106,0
DA:107,0
DA:108,0
DA:116,0
DA:117,0
DA:118,0
DA:119,0
DA:120,0
DA:121,0
DA:122,0
DA:123,0
DA:124,0
DA:126,0
DA:127,0
DA:128,0
DA:133,0
DA:134,0
DA:135,0
DA:136,0
DA:138,0
DA:139,0
DA:140,0
DA:141,0
DA:142,0
DA:143,0
DA:144,0
DA:145,0
DA:150,0
DA:154,0
DA:155,0
DA:156,0
DA:157,0
DA:158,0
DA:159,0
DA:163,0
DA:168,0
DA:169,0
DA:171,0
DA:172,0
DA:173,0
DA:177,0
DA:178,0
DA:180,0
DA:181,0
DA:182,0
DA:183,0
DA:186,0
DA:187,0
DA:188,0
DA:189,0
DA:192,0
DA:193,0
DA:194,0
DA:197,0
DA:201,0
DA:202,0
DA:203,0
DA:204,0
DA:205,0
DA:206,0
DA:207,0
DA:210,0
DA:215,0
DA:228,0
DA:229,0
DA:237,0
DA:238,0
DA:241,0
DA:242,0
DA:243,0
DA:244,0
DA:245,0
DA:246,0
DA:248,0
DA:249,0
DA:254,0
DA:256,0
DA:259,0
DA:260,0
DA:264,0
DA:265,0
DA:266,0
DA:267,0
DA:268,0
DA:273,0
DA:274,0
DA:275,0
DA:276,0
DA:280,0
DA:281,0
DA:282,0
DA:283,0
DA:285,0
DA:286,0
DA:287,0
DA:288,0
DA:289,0
DA:292,0
DA:293,0
DA:296,0
DA:297,0
DA:298,0
DA:301,0
DA:309,0
DA:312,0
DA:313,0
DA:317,0
DA:319,0
DA:320,0
DA:321,0
DA:322,0
DA:323,0
DA:324,0
DA:326,0
DA:331,0
DA:333,0
DA:334,0
DA:335,0
DA:336,0
DA:337,0
DA:338,0
DA:340,0
DA:341,0
DA:342,0
DA:345,0
DA:346,0
DA:347,0
DA:355,0
DA:356,0
DA:357,0
DA:358,0
DA:359,0
DA:360,0
DA:361,0
DA:362,0
DA:363,0
DA:365,0
DA:366,0
DA:367,0
DA:372,0
DA:373,0
DA:374,0
DA:377,0
DA:388,0
DA:389,0
DA:394,0
DA:395,0
DA:396,0
DA:397,0
DA:398,0
DA:399,0
DA:402,0
DA:403,0
DA:404,0
DA:405,0
DA:407,0
DA:408,0
DA:411,0
DA:412,0
DA:413,0
DA:414,0
DA:416,0
DA:417,0
DA:421,0
LF:203
LH:0
BRDA:38,0,0,0
BRDA:38,0,1,0
BRDA:40,1,0,0
BRDA:40,1,1,0
BRDA:46,2,0,0
BRDA:46,2,1,0
BRDA:46,3,0,0
BRDA:46,3,1,0
BRDA:63,4,0,0
BRDA:63,4,1,0
BRDA:76,5,0,0
BRDA:76,5,1,0
BRDA:76,6,0,0
BRDA:76,6,1,0
BRDA:76,6,2,0
BRDA:76,6,3,0
BRDA:76,6,4,0
BRDA:79,7,0,0
BRDA:79,7,1,0
BRDA:84,8,0,0
BRDA:84,8,1,0
BRDA:93,9,0,0
BRDA:93,9,1,0
BRDA:95,10,0,0
BRDA:95,10,1,0
BRDA:103,11,0,0
BRDA:103,11,1,0
BRDA:103,11,2,0
BRDA:103,11,3,0
BRDA:111,12,0,0
BRDA:111,12,1,0
BRDA:111,13,0,0
BRDA:111,13,1,0
BRDA:111,14,0,0
BRDA:111,14,1,0
BRDA:111,14,2,0
BRDA:119,15,0,0
BRDA:119,15,1,0
BRDA:119,16,0,0
BRDA:119,16,1,0
BRDA:121,17,0,0
BRDA:121,17,1,0
BRDA:121,18,0,0
BRDA:121,18,1,0
BRDA:123,19,0,0
BRDA:123,19,1,0
BRDA:127,20,0,0
BRDA:127,20,1,0
BRDA:138,21,0,0
BRDA:138,21,1,0
BRDA:139,22,0,0
BRDA:139,22,1,0
BRDA:142,23,0,0
BRDA:142,23,1,0
BRDA:142,24,0,0
BRDA:142,24,1,0
BRDA:145,25,0,0
BRDA:145,25,1,0
BRDA:157,26,0,0
BRDA:157,26,1,0
BRDA:159,27,0,0
BRDA:159,27,1,0
BRDA:169,28,0,0
BRDA:169,28,1,0
BRDA:171,29,0,0
BRDA:171,29,1,0
BRDA:172,30,0,0
BRDA:172,30,1,0
BRDA:180,31,0,0
BRDA:180,31,1,0
BRDA:180,31,2,0
BRDA:181,32,0,0
BRDA:181,32,1,0
BRDA:181,32,2,0
BRDA:182,33,0,0
BRDA:182,33,1,0
BRDA:187,34,0,0
BRDA:187,34,1,0
BRDA:189,35,0,0
BRDA:189,35,1,0
BRDA:192,36,0,0
BRDA:192,36,1,0
BRDA:194,37,0,0
BRDA:194,37,1,0
BRDA:202,38,0,0
BRDA:202,38,1,0
BRDA:206,39,0,0
BRDA:206,39,1,0
BRDA:206,40,0,0
BRDA:206,40,1,0
BRDA:206,40,2,0
BRDA:238,41,0,0
BRDA:238,41,1,0
BRDA:238,41,2,0
BRDA:244,42,0,0
BRDA:244,42,1,0
BRDA:249,43,0,0
BRDA:249,43,1,0
BRDA:249,44,0,0
BRDA:249,44,1,0
BRDA:254,45,0,0
BRDA:254,45,1,0
BRDA:259,46,0,0
BRDA:259,46,1,0
BRDA:266,47,0,0
BRDA:266,47,1,0
BRDA:275,48,0,0
BRDA:275,48,1,0
BRDA:288,49,0,0
BRDA:288,49,1,0
BRDA:317,50,0,0
BRDA:317,50,1,0
BRDA:324,51,0,0
BRDA:324,51,1,0
BRDA:340,52,0,0
BRDA:340,52,1,0
BRDA:341,53,0,0
BRDA:341,53,1,0
BRDA:341,53,2,0
BRDA:341,53,3,0
BRDA:341,53,4,0
BRDA:342,54,0,0
BRDA:342,54,1,0
BRDA:342,54,2,0
BRDA:342,54,3,0
BRDA:350,55,0,0
BRDA:350,55,1,0
BRDA:358,56,0,0
BRDA:358,56,1,0
BRDA:358,57,0,0
BRDA:358,57,1,0
BRDA:360,58,0,0
BRDA:360,58,1,0
BRDA:360,59,0,0
BRDA:360,59,1,0
BRDA:362,60,0,0
BRDA:362,60,1,0
BRDA:366,61,0,0
BRDA:366,61,1,0
BRDA:373,62,0,0
BRDA:373,62,1,0
BRDA:374,63,0,0
BRDA:374,63,1,0
BRDA:394,64,0,0
BRDA:394,64,1,0
BRDA:408,65,0,0
BRDA:408,65,1,0
BRDA:412,66,0,0
BRDA:412,66,1,0
BRF:149
BRH:0
end_of_record
TN:
SF:routes/staff.js
FN:33,(anonymous_0)
FN:102,(anonymous_1)
FN:124,(anonymous_2)
FN:175,(anonymous_3)
FN:242,(anonymous_4)
FN:248,(anonymous_5)
FN:301,(anonymous_6)
FN:409,(anonymous_7)
FNF:8
FNH:0
FNDA:0,(anonymous_0)
FNDA:0,(anonymous_1)
FNDA:0,(anonymous_2)
FNDA:0,(anonymous_3)
FNDA:0,(anonymous_4)
FNDA:0,(anonymous_5)
FNDA:0,(anonymous_6)
FNDA:0,(anonymous_7)
DA:14,0
DA:15,0
DA:16,0
DA:18,0
DA:24,0
DA:26,0
DA:33,0
DA:34,0
DA:35,0
DA:37,0
DA:40,0
DA:41,0
DA:42,0
DA:52,0
DA:55,0
DA:57,0
DA:58,0
DA:62,0
DA:63,0
DA:66,0
DA:69,0
DA:70,0
DA:71,0
DA:72,0
DA:73,0
DA:75,0
DA:76,0
DA:77,0
DA:80,0
DA:81,0
DA:82,0
DA:83,0
DA:84,0
DA:85,0
DA:86,0
DA:87,0
DA:88,0
DA:89,0
DA:93,0
DA:94,0
DA:95,0
DA:98,0
DA:101,0
DA:102,0
DA:103,0
DA:104,0
DA:106,0
DA:110,0
DA:113,0
DA:114,0
DA:115,0
DA:117,0
DA:119,0
DA:120,0
DA:121,0
DA:122,0
DA:123,0
DA:124,0
DA:127,0
DA:128,0
DA:129,0
DA:133,0
DA:134,0
DA:135,0
DA:136,0
DA:138,0
DA:142,0
DA:148,0
DA:156,0
DA:158,0
DA:159,0
DA:171,0
DA:172,0
DA:173,0
DA:174,0
DA:175,0
DA:177,0
DA:179,0
DA:187,0
DA:196,0
DA:197,0
DA:201,0
DA:202,0
DA:203,0
DA:207,0
DA:208,0
DA:209,0
DA:210,0
DA:213,0
DA:216,0
DA:218,0
DA:227,0
DA:231,0
DA:233,0
DA:234,0
DA:235,0
DA:239,0
DA:240,0
DA:242,0
DA:244,0
DA:245,0
DA:247,0
DA:248,0
DA:250,0
DA:253,0
DA:254,0
DA:255,0
DA:258,0
DA:261,0
DA:262,0
DA:263,0
DA:264,0
DA:265,0
DA:266,0
DA:267,0
DA:268,0
DA:270,0
DA:273,0
DA:288,0
DA:289,0
DA:290,0
DA:291,0
DA:301,0
DA:302,0
DA:303,0
DA:304,0
DA:306,0
DA:308,0
DA:309,0
DA:313,0
DA:316,0
DA:317,0
DA:318,0
DA:319,0
DA:321,0
DA:322,0
DA:325,0
DA:329,0
DA:330,0
DA:334,0
DA:336,0
DA:337,0
DA:345,0
DA:346,0
DA:349,0
DA:351,0
DA:353,0
DA:356,0
DA:357,0
DA:358,0
DA:362,0
DA:363,0
DA:371,0
DA:372,0
DA:374,0
DA:377,0
DA:378,0
DA:379,0
DA:381,0
DA:382,0
DA:385,0
DA:390,0
DA:391,0
DA:392,0
DA:395,0
DA:396,0
DA:397,0
DA:398,0
DA:400,0
DA:401,0
DA:402,0
DA:409,0
DA:410,0
DA:411,0
DA:413,0
DA:414,0
DA:417,0
DA:418,0
DA:422,0
LF:179
LH:0
BRDA:41,0,0,0
BRDA:41,0,1,0
BRDA:41,1,0,0
BRDA:41,1,1,0
BRDA:57,2,0,0
BRDA:57,2,1,0
BRDA:62,3,0,0
BRDA:62,3,1,0
BRDA:66,4,0,0
BRDA:66,4,1,0
BRDA:69,5,0,0
BRDA:69,5,1,0
BRDA:70,6,0,0
BRDA:70,6,1,0
BRDA:71,7,0,0
BRDA:71,7,1,0
BRDA:72,8,0,0
BRDA:72,8,1,0
BRDA:73,9,0,0
BRDA:73,9,1,0
BRDA:82,10,0,0
BRDA:82,10,1,0
BRDA:84,11,0,0
BRDA:84,11,1,0
BRDA:86,12,0,0
BRDA:86,12,1,0
BRDA:88,13,0,0
BRDA:88,13,1,0
BRDA:93,14,0,0
BRDA:93,14,1,0
BRDA:103,15,0,0
BRDA:103,15,1,0
BRDA:127,16,0,0
BRDA:127,16,1,0
BRDA:134,17,0,0
BRDA:134,17,1,0
BRDA:134,18,0,0
BRDA:134,18,1,0
BRDA:136,19,0,0
BRDA:136,19,1,0
BRDA:138,20,0,0
BRDA:138,20,1,0
BRDA:158,21,0,0
BRDA:158,21,1,0
BRDA:161,22,0,0
BRDA:161,22,1,0
BRDA:162,23,0,0
BRDA:162,23,1,0
BRDA:164,24,0,0
BRDA:164,24,1,0
BRDA:171,25,0,0
BRDA:171,25,1,0
BRDA:182,26,0,0
BRDA:182,26,1,0
BRDA:183,27,0,0
BRDA:183,27,1,0
BRDA:189,28,0,0
BRDA:189,28,1,0
BRDA:201,29,0,0
BRDA:201,29,1,0
BRDA:201,30,0,0
BRDA:201,30,1,0
BRDA:207,31,0,0
BRDA:207,31,1,0
BRDA:208,32,0,0
BRDA:208,32,1,0
BRDA:234,33,0,0
BRDA:234,33,1,0
BRDA:235,34,0,0
BRDA:235,34,1,0
BRDA:248,35,0,0
BRDA:248,35,1,0
BRDA:250,36,0,0
BRDA:250,36,1,0
BRDA:253,37,0,0
BRDA:253,37,1,0
BRDA:308,38,0,0
BRDA:308,38,1,0
BRDA:316,39,0,0
BRDA:316,39,1,0
BRDA:317,40,0,0
BRDA:317,40,1,0
BRDA:318,41,0,0
BRDA:318,41,1,0
BRDA:319,42,0,0
BRDA:319,42,1,0
BRDA:319,42,2,0
BRDA:321,43,0,0
BRDA:321,43,1,0
BRDA:329,44,0,0
BRDA:329,44,1,0
BRDA:334,45,0,0
BRDA:334,45,1,0
BRDA:356,46,0,0
BRDA:356,46,1,0
BRDA:366,47,0,0
BRDA:366,47,1,0
BRDA:367,48,0,0
BRDA:367,48,1,0
BRDA:377,49,0,0
BRDA:377,49,1,0
BRDA:378,50,0,0
BRDA:378,50,1,0
BRDA:379,51,0,0
BRDA:379,51,1,0
BRDA:379,51,2,0
BRDA:381,52,0,0
BRDA:381,52,1,0
BRDA:390,53,0,0
BRDA:390,53,1,0
BRDA:391,54,0,0
BRDA:391,54,1,0
BRDA:392,55,0,0
BRDA:392,55,1,0
BRDA:392,55,2,0
BRDA:400,56,0,0
BRDA:400,56,1,0
BRDA:410,57,0,0
BRDA:410,57,1,0
BRF:119
BRH:0
end_of_record
TN:
SF:util/bigint-helpers.js
FN:23,safeNumberConversion
FN:45,safeJSONStringify
FN:46,(anonymous_2)
FN:56,convertPriceAmount
FN:70,convertMsToMins
FN:79,convertVersion
FN:90,hasSquareError
FN:96,(anonymous_7)
FNF:8
FNH:8
FNDA:17,safeNumberConversion
FNDA:2,safeJSONStringify
FNDA:6,(anonymous_2)
FNDA:2,convertPriceAmount
FNDA:5,convertMsToMins
FNDA:3,convertVersion
FNDA:7,hasSquareError
FNDA:4,(anonymous_7)
DA:24,17
DA:25,7
DA:26,7
DA:27,0
DA:28,0
DA:30,7
DA:32,10
DA:33,4
DA:34,4
DA:36,6
DA:46,2
DA:47,6
DA:57,2
DA:58,2
DA:71,5
DA:80,3
DA:91,7
DA:94,5
DA:96,4
DA:97,4
DA:98,3
DA:99,2
DA:103,1
LF:23
LH:21
BRDA:24,0,0,7
BRDA:24,0,1,10
BRDA:26,1,0,0
BRDA:26,1,1,7
BRDA:26,2,0,7
BRDA:26,2,1,7
BRDA:32,3,0,4
BRDA:32,3,1,6
BRDA:34,4,0,1
BRDA:34,4,1,3
BRDA:36,5,0,6
BRDA:36,5,1,2
BRDA:45,6,0,2
BRDA:47,7,0,1
BRDA:47,7,1,5
BRDA:56,8,0,1
BRDA:90,9,0,5
BRDA:91,10,0,2
BRDA:91,10,1,5
BRDA:91,11,0,7
BRDA:91,11,1,6
BRDA:94,12,0,1
BRDA:94,12,1,4
BRDA:97,13,0,1
BRDA:97,13,1,3
BRDA:98,14,0,1
BRDA:98,14,1,2
BRDA:98,15,0,3
BRDA:98,15,1,2
BRF:29
BRH:28
end_of_record
TN:
SF:util/booking-policy.js
FN:12,getBookingPolicy
FN:38,getDefaultBookingPolicy
FN:61,getBookingFlow
FN:88,getBookingConfiguration
FNF:4
FNH:0
FNDA:0,getBookingPolicy
FNDA:0,getDefaultBookingPolicy
FNDA:0,getBookingFlow
FNDA:0,getBookingConfiguration
DA:6,0
DA:13,0
DA:14,0
DA:15,0
DA:17,0
DA:18,0
DA:28,0
DA:30,0
DA:38,0
DA:62,0
DA:64,0
DA:89,0
DA:90,0
DA:95,0
DA:97,0
DA:108,0
DA:109,0
DA:113,0
LF:18
LH:0
BRDA:66,0,0,0
BRDA:66,0,1,0
BRDA:69,1,0,0
BRDA:69,1,1,0
BRDA:70,2,0,0
BRDA:70,2,1,0
BRF:6
BRH:0
end_of_record
TN:
SF:util/cancellation-policy.js
FN:20,getCancellationPolicy
FN:92,generatePolicyText
FN:138,getPolicyTerms
FN:183,getDefaultCancellationPolicy
FNF:4
FNH:0
FNDA:0,getCancellationPolicy
FNDA:0,generatePolicyText
FNDA:0,getPolicyTerms
FNDA:0,getDefaultCancellationPolicy
DA:14,0
DA:21,0
DA:22,0
DA:25,0
DA:26,0
DA:28,0
DA:35,0
DA:36,0
DA:37,0
DA:40,0
DA:42,0
DA:49,0
DA:74,0
DA:75,0
DA:78,0
DA:81,0
DA:82,0
DA:83,0
DA:93,0
DA:94,0
DA:96,0
DA:99,0
DA:102,0
DA:103,0
DA:104,0
DA:105,0
DA:107,0
DA:108,0
DA:111,0
DA:115,0
DA:116,0
DA:117,0
DA:119,0
DA:122,0
DA:124,0
DA:125,0
DA:128,0
DA:130,0
DA:139,0
DA:140,0
DA:142,0
DA:143,0
DA:144,0
DA:145,0
DA:147,0
DA:148,0
DA:152,0
DA:153,0
DA:154,0
DA:157,0
DA:184,0
DA:214,0
LF:52
LH:0
BRDA:35,0,0,0
BRDA:35,0,1,0
BRDA:35,1,0,0
BRDA:35,1,1,0
BRDA:51,2,0,0
BRDA:51,2,1,0
BRDA:55,3,0,0
BRDA:55,3,1,0
BRDA:57,4,0,0
BRDA:57,4,1,0
BRDA:61,5,0,0
BRDA:61,5,1,0
BRDA:64,6,0,0
BRDA:64,6,1,0
BRDA:74,7,0,0
BRDA:74,7,1,0
BRDA:93,8,0,0
BRDA:93,8,1,0
BRDA:94,9,0,0
BRDA:94,9,1,0
BRDA:94,9,2,0
BRDA:103,10,0,0
BRDA:103,10,1,0
BRDA:104,11,0,0
BRDA:104,11,1,0
BRDA:116,12,0,0
BRDA:116,12,1,0
BRDA:124,13,0,0
BRDA:124,13,1,0
BRDA:124,14,0,0
BRDA:124,14,1,0
BRDA:139,15,0,0
BRDA:139,15,1,0
BRDA:140,16,0,0
BRDA:140,16,1,0
BRDA:140,16,2,0
BRDA:143,17,0,0
BRDA:143,17,1,0
BRDA:144,18,0,0
BRDA:144,18,1,0
BRDA:153,19,0,0
BRDA:153,19,1,0
BRDA:171,20,0,0
BRDA:171,20,1,0
BRDA:173,21,0,0
BRDA:173,21,1,0
BRF:46
BRH:0
end_of_record
TN:
SF:util/card-authorization.js
FN:15,createCardAuthorization
FN:60,captureAuthorization
FN:87,cancelAuthorization
FN:111,calculateAuthorizationExpiry
FN:122,getAuthorizationStatus
FN:147,processCancellationFee
FNF:6
FNH:0
FNDA:0,createCardAuthorization
FNDA:0,captureAuthorization
FNDA:0,cancelAuthorization
FNDA:0,calculateAuthorizationExpiry
FNDA:0,getAuthorizationStatus
FNDA:0,processCancellationFee
DA:6,0
DA:7,0
DA:16,0
DA:17,0
DA:36,0
DA:38,0
DA:49,0
DA:50,0
DA:61,0
DA:62,0
DA:67,0
DA:69,0
DA:77,0
DA:78,0
DA:88,0
DA:89,0
DA:93,0
DA:95,0
DA:102,0
DA:103,0
DA:112,0
DA:113,0
DA:114,0
DA:123,0
DA:124,0
DA:126,0
DA:136,0
DA:137,0
DA:148,0
DA:149,0
DA:152,0
DA:153,0
DA:155,0
DA:157,0
DA:158,0
DA:159,0
DA:161,0
DA:162,0
DA:164,0
DA:166,0
DA:167,0
DA:170,0
DA:172,0
DA:173,0
DA:181,0
DA:182,0
DA:190,0
DA:191,0
DA:195,0
LF:49
LH:0
BRDA:22,0,0,0
BRDA:22,0,1,0
BRDA:60,1,0,0
BRDA:64,2,0,0
BRDA:64,2,1,0
BRDA:155,3,0,0
BRDA:155,3,1,0
BRDA:157,4,0,0
BRDA:157,4,1,0
BRDA:161,5,0,0
BRDA:161,5,1,0
BRDA:164,6,0,0
BRDA:164,6,1,0
BRDA:170,7,0,0
BRDA:170,7,1,0
BRF:15
BRH:0
end_of_record
TN:
SF:util/card-management.js
FN:15,createCardOnFile
FN:51,listCustomerCards
FN:57,(anonymous_2)
FN:78,getCard
FN:104,disableCard
FN:125,createPaymentWithSavedCard
FN:160,getCustomerWithCards
FN:177,(anonymous_7)
FNF:8
FNH:0
FNDA:0,createCardOnFile
FNDA:0,listCustomerCards
FNDA:0,(anonymous_2)
FNDA:0,getCard
FNDA:0,disableCard
FNDA:0,createPaymentWithSavedCard
FNDA:0,getCustomerWithCards
FNDA:0,(anonymous_7)
DA:6,0
DA:7,0
DA:16,0
DA:17,0
DA:28,0
DA:30,0
DA:41,0
DA:42,0
DA:52,0
DA:55,0
DA:57,0
DA:68,0
DA:69,0
DA:79,0
DA:80,0
DA:82,0
DA:94,0
DA:95,0
DA:105,0
DA:106,0
DA:108,0
DA:114,0
DA:115,0
DA:126,0
DA:127,0
DA:139,0
DA:141,0
DA:150,0
DA:151,0
DA:161,0
DA:162,0
DA:167,0
DA:177,0
DA:180,0
DA:181,0
DA:185,0
LF:36
LH:0
BRDA:24,0,0,0
BRDA:24,0,1,0
BRDA:57,1,0,0
BRDA:57,1,1,0
BRDA:132,2,0,0
BRDA:132,2,1,0
BRDA:135,3,0,0
BRDA:135,3,1,0
BRF:8
BRH:0
end_of_record
TN:
SF:util/date-helpers.js
FN:30,(anonymous_0)
FN:41,(anonymous_1)
FNF:2
FNH:0
FNDA:0,(anonymous_0)
FNDA:0,(anonymous_1)
DA:15,0
DA:31,0
DA:33,0
DA:34,0
DA:42,0
DA:44,0
DA:45,0
LF:7
LH:0
BRF:0
BRH:0
end_of_record
TN:
SF:util/envValidator.js
FN:62,validateEnv
FN:66,(anonymous_1)
FN:77,isProduction
FN:85,getSecureFlag
FNF:4
FNH:0
FNDA:0,validateEnv
FNDA:0,(anonymous_1)
FNDA:0,isProduction
FNDA:0,getSecureFlag
DA:5,1
DA:10,1
DA:63,0
DA:65,0
DA:66,0
DA:67,0
DA:70,0
DA:78,0
DA:87,0
DA:88,0
DA:91,0
DA:94,1
LF:12
LH:3
BRDA:65,0,0,0
BRDA:65,0,1,0
BRDA:78,1,0,0
BRDA:78,1,1,0
BRDA:87,2,0,0
BRDA:87,2,1,0
BRF:6
BRH:0
end_of_record
TN:
SF:util/logger.js
FN:38,(anonymous_0)
FN:48,(anonymous_1)
FN:82,maskSensitiveData
FN:93,(anonymous_3)
FN:95,(anonymous_4)
FN:111,requestLogger
FN:112,(anonymous_6)
FN:115,(anonymous_7)
FN:142,logError
FN:158,logApiCall
FN:171,logApiResponse
FNF:11
FNH:0
FNDA:0,(anonymous_0)
FNDA:0,(anonymous_1)
FNDA:0,maskSensitiveData
FNDA:0,(anonymous_3)
FNDA:0,(anonymous_4)
FNDA:0,requestLogger
FNDA:0,(anonymous_6)
FNDA:0,(anonymous_7)
FNDA:0,logError
FNDA:0,logApiCall
FNDA:0,logApiResponse
DA:5,1
DA:6,1
DA:8,1
DA:11,1
DA:18,1
DA:25,1
DA:28,1
DA:39,0
DA:40,0
DA:41,0
DA:49,0
DA:50,0
DA:83,0
DA:85,0
DA:91,0
DA:93,0
DA:94,0
DA:95,0
DA:96,0
DA:97,0
DA:98,0
DA:103,0
DA:104,0
DA:112,0
DA:113,0
DA:115,0
DA:116,0
DA:117,0
DA:126,0
DA:127,0
DA:129,0
DA:133,0
DA:143,0
DA:159,0
DA:172,0
DA:173,0
DA:176,1
LF:37
LH:8
BRDA:34,0,0,1
BRDA:34,0,1,0
BRDA:41,1,0,0
BRDA:41,1,1,0
BRDA:83,2,0,0
BRDA:83,2,1,0
BRDA:83,3,0,0
BRDA:83,3,1,0
BRDA:95,4,0,0
BRDA:95,4,1,0
BRDA:97,5,0,0
BRDA:97,5,1,0
BRDA:97,6,0,0
BRDA:97,6,1,0
BRDA:126,7,0,0
BRDA:126,7,1,0
BRDA:142,8,0,0
BRDA:158,9,0,0
BRDA:171,10,0,0
BRDA:172,11,0,0
BRDA:172,11,1,0
BRF:21
BRH:1
end_of_record
TN:
SF:util/square-client.js
FNF:0
FNH:0
DA:14,0
DA:15,0
DA:17,0
DA:18,0
DA:21,0
DA:38,0
DA:44,0
LF:7
LH:0
BRF:0
BRH:0
end_of_record
TN:
SF:util/validators.js
FN:13,normalizePhoneNumber
FN:39,isValidPhoneNumber
FN:51,isValidEmail
FN:61,isValidName
FN:72,isValidPostalCode
FN:84,isValidServiceId
FN:94,isValidBookingDate
FN:143,validateCustomerData
FN:147,(anonymous_8)
FN:157,validateBookingData
FN:161,(anonymous_10)
FN:171,validatePaymentData
FN:175,(anonymous_12)
FNF:13
FNH:9
FNDA:11,normalizePhoneNumber
FNDA:6,isValidPhoneNumber
FNDA:6,isValidEmail
FNDA:6,isValidName
FNDA:6,isValidPostalCode
FNDA:0,isValidServiceId
FNDA:0,isValidBookingDate
FNDA:3,validateCustomerData
FNDA:3,(anonymous_8)
FNDA:3,validateBookingData
FNDA:4,(anonymous_10)
FNDA:0,validatePaymentData
FNDA:0,(anonymous_12)
DA:5,1
DA:6,1
DA:14,11
DA:16,9
DA:19,9
DA:20,3
DA:23,6
DA:24,3
DA:27,3
DA:28,1
DA:31,2
DA:40,6
DA:41,4
DA:42,4
DA:43,3
DA:52,6
DA:53,4
DA:62,6
DA:63,4
DA:64,4
DA:73,6
DA:74,4
DA:76,4
DA:85,0
DA:86,0
DA:95,0
DA:96,0
DA:97,0
DA:103,1
DA:115,1
DA:131,1
DA:144,3
DA:145,3
DA:147,3
DA:158,3
DA:159,3
DA:161,4
DA:172,0
DA:173,0
DA:175,0
DA:180,1
LF:41
LH:33
BRDA:14,0,0,2
BRDA:14,0,1,9
BRDA:14,1,0,11
BRDA:14,1,1,9
BRDA:19,2,0,3
BRDA:19,2,1,6
BRDA:23,3,0,3
BRDA:23,3,1,3
BRDA:23,4,0,6
BRDA:23,4,1,3
BRDA:27,5,0,1
BRDA:27,5,1,2
BRDA:27,6,0,3
BRDA:27,6,1,1
BRDA:40,7,0,2
BRDA:40,7,1,4
BRDA:40,8,0,6
BRDA:40,8,1,4
BRDA:42,9,0,1
BRDA:42,9,1,3
BRDA:52,10,0,2
BRDA:52,10,1,4
BRDA:52,11,0,6
BRDA:52,11,1,4
BRDA:62,12,0,2
BRDA:62,12,1,4
BRDA:62,13,0,6
BRDA:62,13,1,4
BRDA:64,14,0,4
BRDA:64,14,1,4
BRDA:64,14,2,4
BRDA:73,15,0,2
BRDA:73,15,1,4
BRDA:73,16,0,6
BRDA:73,16,1,4
BRDA:76,17,0,4
BRDA:76,17,1,1
BRDA:85,18,0,0
BRDA:85,18,1,0
BRDA:85,19,0,0
BRDA:85,19,1,0
BRDA:95,20,0,0
BRDA:95,20,1,0
BRDA:95,21,0,0
BRDA:95,21,1,0
BRDA:97,22,0,0
BRDA:97,22,1,0
BRDA:97,22,2,0
BRDA:147,23,0,2
BRDA:147,23,1,1
BRDA:161,24,0,2
BRDA:161,24,1,1
BRDA:175,25,0,0
BRDA:175,25,1,0
BRF:54
BRH:41
end_of_record
